INFO main main.controller.TercerosInfoFinanciera - Test Case 23 - Terceros Informacion financiera - org.openqa.selenium.WebDriverException: unknown error: keys should be a string
  (Session info: chrome=51.0.2704.84)
  (Driver info: chromedriver=2.9.248315,platform=Windows NT 6.1 SP1 x86_64) (WARNING: The server did not provide any stacktrace information)
Command duration or timeout: 50 milliseconds
Build info: version: '2.45.0', revision: '5017cb8e7ca8e37638dc3091b2440b90a1d8686f', time: '2015-02-27 09:10:26'
System info: host: 'QA19', ip: '192.168.0.184', os.name: 'Windows 7', os.arch: 'amd64', os.version: '6.1', java.version: '1.6.0_20'
Session ID: fbea75566d242af014e0b13e58fadb09
Driver info: org.openqa.selenium.chrome.ChromeDriver
Capabilities [{platform=XP, acceptSslCerts=true, javascriptEnabled=true, browserName=chrome, chrome={userDataDir=C:\Users\agil\AppData\Local\Temp\scoped_dir40188_10202}, rotatable=false, locationContextEnabled=true, version=51.0.2704.84, takesHeapSnapshot=true, cssSelectorsEnabled=true, databaseEnabled=false, handlesAlerts=true, browserConnectionEnabled=false, webStorageEnabled=true, nativeEvents=true, applicationCacheEnabled=false, takesScreenshot=true}]
INFO main main.controller.TercerosInfoFinanciera - Test Case 23 - Terceros Informacion financiera - org.openqa.selenium.StaleElementReferenceException: stale element reference: element is not attached to the page document
  (Session info: chrome=51.0.2704.84)
  (Driver info: chromedriver=2.9.248315,platform=Windows NT 6.1 SP1 x86_64) (WARNING: The server did not provide any stacktrace information)
Command duration or timeout: 11 milliseconds
For documentation on this error, please visit: http://seleniumhq.org/exceptions/stale_element_reference.html
Build info: version: '2.45.0', revision: '5017cb8e7ca8e37638dc3091b2440b90a1d8686f', time: '2015-02-27 09:10:26'
System info: host: 'QA19', ip: '192.168.0.184', os.name: 'Windows 7', os.arch: 'amd64', os.version: '6.1', java.version: '1.6.0_20'
Session ID: 69f194a1b136ae7b642aa50985ef78d5
Driver info: org.openqa.selenium.chrome.ChromeDriver
Capabilities [{platform=XP, acceptSslCerts=true, javascriptEnabled=true, browserName=chrome, chrome={userDataDir=C:\Users\agil\AppData\Local\Temp\scoped_dir45912_16533}, rotatable=false, locationContextEnabled=true, version=51.0.2704.84, takesHeapSnapshot=true, cssSelectorsEnabled=true, databaseEnabled=false, handlesAlerts=true, browserConnectionEnabled=false, webStorageEnabled=true, nativeEvents=true, applicationCacheEnabled=false, takesScreenshot=true}]
INFO main main.controller.TercerosInfoFinanciera - Test Case 23 - Terceros Informacion financiera - org.openqa.selenium.StaleElementReferenceException: stale element reference: element is not attached to the page document
  (Session info: chrome=51.0.2704.84)
  (Driver info: chromedriver=2.9.248315,platform=Windows NT 6.1 SP1 x86_64) (WARNING: The server did not provide any stacktrace information)
Command duration or timeout: 11 milliseconds
For documentation on this error, please visit: http://seleniumhq.org/exceptions/stale_element_reference.html
Build info: version: '2.45.0', revision: '5017cb8e7ca8e37638dc3091b2440b90a1d8686f', time: '2015-02-27 09:10:26'
System info: host: 'QA19', ip: '192.168.0.184', os.name: 'Windows 7', os.arch: 'amd64', os.version: '6.1', java.version: '1.6.0_20'
Session ID: 69f194a1b136ae7b642aa50985ef78d5
Driver info: org.openqa.selenium.chrome.ChromeDriver
Capabilities [{platform=XP, acceptSslCerts=true, javascriptEnabled=true, browserName=chrome, chrome={userDataDir=C:\Users\agil\AppData\Local\Temp\scoped_dir45912_16533}, rotatable=false, locationContextEnabled=true, version=51.0.2704.84, takesHeapSnapshot=true, cssSelectorsEnabled=true, databaseEnabled=false, handlesAlerts=true, browserConnectionEnabled=false, webStorageEnabled=true, nativeEvents=true, applicationCacheEnabled=false, takesScreenshot=true}]
INFO main main.controller.TercerosInfoFinanciera - Test Case 23 - Terceros Informacion financiera - org.openqa.selenium.StaleElementReferenceException: stale element reference: element is not attached to the page document
  (Session info: chrome=51.0.2704.84)
  (Driver info: chromedriver=2.9.248315,platform=Windows NT 6.1 SP1 x86_64) (WARNING: The server did not provide any stacktrace information)
Command duration or timeout: 6 milliseconds
For documentation on this error, please visit: http://seleniumhq.org/exceptions/stale_element_reference.html
Build info: version: '2.45.0', revision: '5017cb8e7ca8e37638dc3091b2440b90a1d8686f', time: '2015-02-27 09:10:26'
System info: host: 'QA19', ip: '192.168.0.184', os.name: 'Windows 7', os.arch: 'amd64', os.version: '6.1', java.version: '1.6.0_20'
Session ID: 4f535b4e89d660cd2a8513245ff4b1f5
Driver info: org.openqa.selenium.chrome.ChromeDriver
Capabilities [{platform=XP, acceptSslCerts=true, javascriptEnabled=true, browserName=chrome, chrome={userDataDir=C:\Users\agil\AppData\Local\Temp\scoped_dir956_1390}, rotatable=false, locationContextEnabled=true, version=51.0.2704.84, takesHeapSnapshot=true, cssSelectorsEnabled=true, databaseEnabled=false, handlesAlerts=true, browserConnectionEnabled=false, webStorageEnabled=true, nativeEvents=true, applicationCacheEnabled=false, takesScreenshot=true}]
INFO main main.controller.TercerosInfoFinanciera - Test Case 23 - Terceros Informacion financiera - org.openqa.selenium.StaleElementReferenceException: stale element reference: element is not attached to the page document
  (Session info: chrome=51.0.2704.84)
  (Driver info: chromedriver=2.9.248315,platform=Windows NT 6.1 SP1 x86_64) (WARNING: The server did not provide any stacktrace information)
Command duration or timeout: 5 milliseconds
For documentation on this error, please visit: http://seleniumhq.org/exceptions/stale_element_reference.html
Build info: version: '2.45.0', revision: '5017cb8e7ca8e37638dc3091b2440b90a1d8686f', time: '2015-02-27 09:10:26'
System info: host: 'QA19', ip: '192.168.0.184', os.name: 'Windows 7', os.arch: 'amd64', os.version: '6.1', java.version: '1.6.0_20'
Session ID: 4f535b4e89d660cd2a8513245ff4b1f5
Driver info: org.openqa.selenium.chrome.ChromeDriver
Capabilities [{platform=XP, acceptSslCerts=true, javascriptEnabled=true, browserName=chrome, chrome={userDataDir=C:\Users\agil\AppData\Local\Temp\scoped_dir956_1390}, rotatable=false, locationContextEnabled=true, version=51.0.2704.84, takesHeapSnapshot=true, cssSelectorsEnabled=true, databaseEnabled=false, handlesAlerts=true, browserConnectionEnabled=false, webStorageEnabled=true, nativeEvents=true, applicationCacheEnabled=false, takesScreenshot=true}]
INFO main main.controller.TercerosInfoFinanciera - Test Case 23 - Terceros Informacion financiera - org.openqa.selenium.StaleElementReferenceException: stale element reference: element is not attached to the page document
  (Session info: chrome=51.0.2704.84)
  (Driver info: chromedriver=2.9.248315,platform=Windows NT 6.1 SP1 x86_64) (WARNING: The server did not provide any stacktrace information)
Command duration or timeout: 5 milliseconds
For documentation on this error, please visit: http://seleniumhq.org/exceptions/stale_element_reference.html
Build info: version: '2.45.0', revision: '5017cb8e7ca8e37638dc3091b2440b90a1d8686f', time: '2015-02-27 09:10:26'
System info: host: 'QA19', ip: '192.168.0.184', os.name: 'Windows 7', os.arch: 'amd64', os.version: '6.1', java.version: '1.6.0_20'
Session ID: f57d7f9686900b35b903f5ac594d0c31
Driver info: org.openqa.selenium.chrome.ChromeDriver
Capabilities [{platform=XP, acceptSslCerts=true, javascriptEnabled=true, browserName=chrome, chrome={userDataDir=C:\Users\agil\AppData\Local\Temp\scoped_dir12356_24622}, rotatable=false, locationContextEnabled=true, version=51.0.2704.84, takesHeapSnapshot=true, cssSelectorsEnabled=true, databaseEnabled=false, handlesAlerts=true, browserConnectionEnabled=false, webStorageEnabled=true, nativeEvents=true, applicationCacheEnabled=false, takesScreenshot=true}]
INFO main main.controller.TercerosInfoFinanciera - Test Case 23 - Terceros Informacion financiera - org.openqa.selenium.StaleElementReferenceException: stale element reference: element is not attached to the page document
  (Session info: chrome=51.0.2704.84)
  (Driver info: chromedriver=2.9.248315,platform=Windows NT 6.1 SP1 x86_64) (WARNING: The server did not provide any stacktrace information)
Command duration or timeout: 11 milliseconds
For documentation on this error, please visit: http://seleniumhq.org/exceptions/stale_element_reference.html
Build info: version: '2.45.0', revision: '5017cb8e7ca8e37638dc3091b2440b90a1d8686f', time: '2015-02-27 09:10:26'
System info: host: 'QA19', ip: '192.168.0.184', os.name: 'Windows 7', os.arch: 'amd64', os.version: '6.1', java.version: '1.6.0_20'
*** Element info: {Using=xpath, value=.//option[@value = "45248017"]}
Session ID: 5b2e7f2381e69328d4fbdecd7accb532
Driver info: org.openqa.selenium.chrome.ChromeDriver
Capabilities [{platform=XP, acceptSslCerts=true, javascriptEnabled=true, browserName=chrome, chrome={userDataDir=C:\Users\agil\AppData\Local\Temp\scoped_dir45440_5883}, rotatable=false, locationContextEnabled=true, version=51.0.2704.84, takesHeapSnapshot=true, cssSelectorsEnabled=true, databaseEnabled=false, handlesAlerts=true, browserConnectionEnabled=false, webStorageEnabled=true, nativeEvents=true, applicationCacheEnabled=false, takesScreenshot=true}]
INFO main main.controller.TercerosInfoFinanciera - Test Case 23 - Terceros Informacion financiera - java.lang.UnsupportedOperationException: You may only deselect all options of a multi-select
INFO main main.controller.TercerosInfoFinanciera - Test Case 23 - Terceros Informacion financiera - java.lang.IllegalMonitorStateException
INFO main main.controller.TercerosInfoFinanciera - Test Case 23 - Terceros Informacion financiera - org.openqa.selenium.StaleElementReferenceException: stale element reference: element is not attached to the page document
  (Session info: chrome=51.0.2704.84)
  (Driver info: chromedriver=2.9.248315,platform=Windows NT 6.1 SP1 x86_64) (WARNING: The server did not provide any stacktrace information)
Command duration or timeout: 9 milliseconds
For documentation on this error, please visit: http://seleniumhq.org/exceptions/stale_element_reference.html
Build info: version: '2.45.0', revision: '5017cb8e7ca8e37638dc3091b2440b90a1d8686f', time: '2015-02-27 09:10:26'
System info: host: 'QA19', ip: '192.168.0.184', os.name: 'Windows 7', os.arch: 'amd64', os.version: '6.1', java.version: '1.6.0_20'
*** Element info: {Using=xpath, value=.//option[@value = "22133117"]}
Session ID: 34dd3945d72be26e88cbc9f48d7e04e5
Driver info: org.openqa.selenium.chrome.ChromeDriver
Capabilities [{platform=XP, acceptSslCerts=true, javascriptEnabled=true, browserName=chrome, chrome={userDataDir=C:\Users\agil\AppData\Local\Temp\scoped_dir11552_21871}, rotatable=false, locationContextEnabled=true, version=51.0.2704.84, takesHeapSnapshot=true, cssSelectorsEnabled=true, databaseEnabled=false, handlesAlerts=true, browserConnectionEnabled=false, webStorageEnabled=true, nativeEvents=true, applicationCacheEnabled=false, takesScreenshot=true}]
INFO main main.controller.TercerosInfoFinanciera - Test Case 23 - Terceros Informacion financiera - org.openqa.selenium.StaleElementReferenceException: stale element reference: element is not attached to the page document
  (Session info: chrome=51.0.2704.84)
  (Driver info: chromedriver=2.9.248315,platform=Windows NT 6.1 SP1 x86_64) (WARNING: The server did not provide any stacktrace information)
Command duration or timeout: 11 milliseconds
For documentation on this error, please visit: http://seleniumhq.org/exceptions/stale_element_reference.html
Build info: version: '2.45.0', revision: '5017cb8e7ca8e37638dc3091b2440b90a1d8686f', time: '2015-02-27 09:10:26'
System info: host: 'QA19', ip: '192.168.0.184', os.name: 'Windows 7', os.arch: 'amd64', os.version: '6.1', java.version: '1.6.0_20'
*** Element info: {Using=xpath, value=.//option[@value = "45248017"]}
Session ID: f48388030291f7a3b295b11d5d285125
Driver info: org.openqa.selenium.chrome.ChromeDriver
Capabilities [{platform=XP, acceptSslCerts=true, javascriptEnabled=true, browserName=chrome, chrome={userDataDir=C:\Users\agil\AppData\Local\Temp\scoped_dir15168_22760}, rotatable=false, locationContextEnabled=true, version=51.0.2704.84, takesHeapSnapshot=true, cssSelectorsEnabled=true, databaseEnabled=false, handlesAlerts=true, browserConnectionEnabled=false, webStorageEnabled=true, nativeEvents=true, applicationCacheEnabled=false, takesScreenshot=true}]
INFO main main.controller.TercerosInfoFinanciera - Test Case 23 - Terceros Informacion financiera - org.openqa.selenium.StaleElementReferenceException: stale element reference: element is not attached to the page document
  (Session info: chrome=51.0.2704.84)
  (Driver info: chromedriver=2.9.248315,platform=Windows NT 6.1 SP1 x86_64) (WARNING: The server did not provide any stacktrace information)
Command duration or timeout: 11 milliseconds
For documentation on this error, please visit: http://seleniumhq.org/exceptions/stale_element_reference.html
Build info: version: '2.45.0', revision: '5017cb8e7ca8e37638dc3091b2440b90a1d8686f', time: '2015-02-27 09:10:26'
System info: host: 'QA19', ip: '192.168.0.184', os.name: 'Windows 7', os.arch: 'amd64', os.version: '6.1', java.version: '1.6.0_20'
*** Element info: {Using=xpath, value=.//option[@value = "22133117"]}
Session ID: e0034dbbd0fc7aed0dd24f16406cca7c
Driver info: org.openqa.selenium.chrome.ChromeDriver
Capabilities [{platform=XP, acceptSslCerts=true, javascriptEnabled=true, browserName=chrome, chrome={userDataDir=C:\Users\agil\AppData\Local\Temp\scoped_dir45368_31154}, rotatable=false, locationContextEnabled=true, version=51.0.2704.84, takesHeapSnapshot=true, cssSelectorsEnabled=true, databaseEnabled=false, handlesAlerts=true, browserConnectionEnabled=false, webStorageEnabled=true, nativeEvents=true, applicationCacheEnabled=false, takesScreenshot=true}]
INFO main main.controller.TercerosInfoFinanciera - Test Case 23 - Terceros Informacion financiera - org.openqa.selenium.StaleElementReferenceException: stale element reference: element is not attached to the page document
  (Session info: chrome=51.0.2704.84)
  (Driver info: chromedriver=2.9.248315,platform=Windows NT 6.1 SP1 x86_64) (WARNING: The server did not provide any stacktrace information)
Command duration or timeout: 11 milliseconds
For documentation on this error, please visit: http://seleniumhq.org/exceptions/stale_element_reference.html
Build info: version: '2.45.0', revision: '5017cb8e7ca8e37638dc3091b2440b90a1d8686f', time: '2015-02-27 09:10:26'
System info: host: 'QA19', ip: '192.168.0.184', os.name: 'Windows 7', os.arch: 'amd64', os.version: '6.1', java.version: '1.6.0_20'
*** Element info: {Using=xpath, value=.//option[@value = "22133117"]}
Session ID: 74a88e1c11ce0ec1be6053d38a0d49c0
Driver info: org.openqa.selenium.chrome.ChromeDriver
Capabilities [{platform=XP, acceptSslCerts=true, javascriptEnabled=true, browserName=chrome, chrome={userDataDir=C:\Users\agil\AppData\Local\Temp\scoped_dir40172_26150}, rotatable=false, locationContextEnabled=true, version=51.0.2704.84, takesHeapSnapshot=true, cssSelectorsEnabled=true, databaseEnabled=false, handlesAlerts=true, browserConnectionEnabled=false, webStorageEnabled=true, nativeEvents=true, applicationCacheEnabled=false, takesScreenshot=true}]
INFO main main.controller.TercerosInfoFinanciera - Test Case 23 - Terceros Informacion financiera - org.openqa.selenium.StaleElementReferenceException: stale element reference: element is not attached to the page document
  (Session info: chrome=51.0.2704.84)
  (Driver info: chromedriver=2.9.248315,platform=Windows NT 6.1 SP1 x86_64) (WARNING: The server did not provide any stacktrace information)
Command duration or timeout: 6 milliseconds
For documentation on this error, please visit: http://seleniumhq.org/exceptions/stale_element_reference.html
Build info: version: '2.45.0', revision: '5017cb8e7ca8e37638dc3091b2440b90a1d8686f', time: '2015-02-27 09:10:26'
System info: host: 'QA19', ip: '192.168.0.184', os.name: 'Windows 7', os.arch: 'amd64', os.version: '6.1', java.version: '1.6.0_20'
Session ID: e3f7240aaf46a06029958aa625d4342d
Driver info: org.openqa.selenium.chrome.ChromeDriver
Capabilities [{platform=XP, acceptSslCerts=true, javascriptEnabled=true, browserName=chrome, chrome={userDataDir=C:\Users\agil\AppData\Local\Temp\scoped_dir42556_30764}, rotatable=false, locationContextEnabled=true, version=51.0.2704.84, takesHeapSnapshot=true, cssSelectorsEnabled=true, databaseEnabled=false, handlesAlerts=true, browserConnectionEnabled=false, webStorageEnabled=true, nativeEvents=true, applicationCacheEnabled=false, takesScreenshot=true}]
INFO main main.controller.TercerosInfoFinanciera - Test Case 23 - Terceros Informacion financiera - org.openqa.selenium.StaleElementReferenceException: stale element reference: element is not attached to the page document
  (Session info: chrome=51.0.2704.84)
  (Driver info: chromedriver=2.9.248315,platform=Windows NT 6.1 SP1 x86_64) (WARNING: The server did not provide any stacktrace information)
Command duration or timeout: 6 milliseconds
For documentation on this error, please visit: http://seleniumhq.org/exceptions/stale_element_reference.html
Build info: version: '2.45.0', revision: '5017cb8e7ca8e37638dc3091b2440b90a1d8686f', time: '2015-02-27 09:10:26'
System info: host: 'QA19', ip: '192.168.0.184', os.name: 'Windows 7', os.arch: 'amd64', os.version: '6.1', java.version: '1.6.0_20'
Session ID: 9eb20d0943ce00a8fbf640c3cd2a958a
Driver info: org.openqa.selenium.chrome.ChromeDriver
Capabilities [{platform=XP, acceptSslCerts=true, javascriptEnabled=true, browserName=chrome, chrome={userDataDir=C:\Users\agil\AppData\Local\Temp\scoped_dir46820_23748}, rotatable=false, locationContextEnabled=true, version=51.0.2704.84, takesHeapSnapshot=true, cssSelectorsEnabled=true, databaseEnabled=false, handlesAlerts=true, browserConnectionEnabled=false, webStorageEnabled=true, nativeEvents=true, applicationCacheEnabled=false, takesScreenshot=true}]
INFO main main.controller.TercerosInfoFinanciera - Test Case 23 - Terceros Informacion financiera - org.openqa.selenium.StaleElementReferenceException: stale element reference: element is not attached to the page document
  (Session info: chrome=51.0.2704.84)
  (Driver info: chromedriver=2.9.248315,platform=Windows NT 6.1 SP1 x86_64) (WARNING: The server did not provide any stacktrace information)
Command duration or timeout: 11 milliseconds
For documentation on this error, please visit: http://seleniumhq.org/exceptions/stale_element_reference.html
Build info: version: '2.45.0', revision: '5017cb8e7ca8e37638dc3091b2440b90a1d8686f', time: '2015-02-27 09:10:26'
System info: host: 'QA19', ip: '192.168.0.184', os.name: 'Windows 7', os.arch: 'amd64', os.version: '6.1', java.version: '1.6.0_20'
*** Element info: {Using=xpath, value=.//option[@value = "45248017"]}
Session ID: 99ec2f392cb3a2ee93dcdec96d887e50
Driver info: org.openqa.selenium.chrome.ChromeDriver
Capabilities [{platform=XP, acceptSslCerts=true, javascriptEnabled=true, browserName=chrome, chrome={userDataDir=C:\Users\agil\AppData\Local\Temp\scoped_dir45476_3895}, rotatable=false, locationContextEnabled=true, version=51.0.2704.84, takesHeapSnapshot=true, cssSelectorsEnabled=true, databaseEnabled=false, handlesAlerts=true, browserConnectionEnabled=false, webStorageEnabled=true, nativeEvents=true, applicationCacheEnabled=false, takesScreenshot=true}]
INFO main main.controller.TercerosInfoFinanciera - Test Case 23 - Terceros Informacion financiera - org.openqa.selenium.StaleElementReferenceException: stale element reference: element is not attached to the page document
  (Session info: chrome=51.0.2704.84)
  (Driver info: chromedriver=2.9.248315,platform=Windows NT 6.1 SP1 x86_64) (WARNING: The server did not provide any stacktrace information)
Command duration or timeout: 11 milliseconds
For documentation on this error, please visit: http://seleniumhq.org/exceptions/stale_element_reference.html
Build info: version: '2.45.0', revision: '5017cb8e7ca8e37638dc3091b2440b90a1d8686f', time: '2015-02-27 09:10:26'
System info: host: 'QA19', ip: '192.168.0.184', os.name: 'Windows 7', os.arch: 'amd64', os.version: '6.1', java.version: '1.6.0_20'
*** Element info: {Using=xpath, value=.//option[@value = "45248017"]}
Session ID: f85bf3a595b4de9bd2347812ace28491
Driver info: org.openqa.selenium.chrome.ChromeDriver
Capabilities [{platform=XP, acceptSslCerts=true, javascriptEnabled=true, browserName=chrome, chrome={userDataDir=C:\Users\agil\AppData\Local\Temp\scoped_dir46064_4564}, rotatable=false, locationContextEnabled=true, version=51.0.2704.84, takesHeapSnapshot=true, cssSelectorsEnabled=true, databaseEnabled=false, handlesAlerts=true, browserConnectionEnabled=false, webStorageEnabled=true, nativeEvents=true, applicationCacheEnabled=false, takesScreenshot=true}]
INFO main main.controller.TercerosInfoFinanciera - Test Case 23 - Terceros Informacion financiera - org.openqa.selenium.StaleElementReferenceException: stale element reference: element is not attached to the page document
  (Session info: chrome=51.0.2704.84)
  (Driver info: chromedriver=2.9.248315,platform=Windows NT 6.1 SP1 x86_64) (WARNING: The server did not provide any stacktrace information)
Command duration or timeout: 11 milliseconds
For documentation on this error, please visit: http://seleniumhq.org/exceptions/stale_element_reference.html
Build info: version: '2.45.0', revision: '5017cb8e7ca8e37638dc3091b2440b90a1d8686f', time: '2015-02-27 09:10:26'
System info: host: 'QA19', ip: '192.168.0.184', os.name: 'Windows 7', os.arch: 'amd64', os.version: '6.1', java.version: '1.6.0_20'
*** Element info: {Using=xpath, value=.//option[@value = "45248017"]}
Session ID: 8d69aee950bc586601d41855c06d9041
Driver info: org.openqa.selenium.chrome.ChromeDriver
Capabilities [{platform=XP, acceptSslCerts=true, javascriptEnabled=true, browserName=chrome, chrome={userDataDir=C:\Users\agil\AppData\Local\Temp\scoped_dir47952_9189}, rotatable=false, locationContextEnabled=true, version=51.0.2704.84, takesHeapSnapshot=true, cssSelectorsEnabled=true, databaseEnabled=false, handlesAlerts=true, browserConnectionEnabled=false, webStorageEnabled=true, nativeEvents=true, applicationCacheEnabled=false, takesScreenshot=true}]
INFO main tests.VistasTercerosInfoFinancieraTest - Test Case - Terceros Informacion Financiera - org.openqa.selenium.ElementNotVisibleException: element not visible
  (Session info: chrome=51.0.2704.84)
  (Driver info: chromedriver=2.9.248315,platform=Windows NT 6.1 SP1 x86_64) (WARNING: The server did not provide any stacktrace information)
Command duration or timeout: 19 milliseconds
Build info: version: '2.45.0', revision: '5017cb8e7ca8e37638dc3091b2440b90a1d8686f', time: '2015-02-27 09:10:26'
System info: host: 'QA19', ip: '192.168.0.184', os.name: 'Windows 7', os.arch: 'amd64', os.version: '6.1', java.version: '1.6.0_20'
Session ID: d7b0a07774efeff996bf48a6f589c72f
Driver info: org.openqa.selenium.chrome.ChromeDriver
Capabilities [{platform=XP, acceptSslCerts=true, javascriptEnabled=true, browserName=chrome, chrome={userDataDir=C:\Users\agil\AppData\Local\Temp\scoped_dir46776_20561}, rotatable=false, locationContextEnabled=true, version=51.0.2704.84, takesHeapSnapshot=true, cssSelectorsEnabled=true, databaseEnabled=false, handlesAlerts=true, browserConnectionEnabled=false, webStorageEnabled=true, nativeEvents=true, applicationCacheEnabled=false, takesScreenshot=true}]
INFO main main.controller.TercerosInfoFinanciera - Test Case 23 - Terceros Informacion financiera - org.openqa.selenium.StaleElementReferenceException: stale element reference: element is not attached to the page document
  (Session info: chrome=51.0.2704.84)
  (Driver info: chromedriver=2.9.248315,platform=Windows NT 6.1 SP1 x86_64) (WARNING: The server did not provide any stacktrace information)
Command duration or timeout: 9 milliseconds
For documentation on this error, please visit: http://seleniumhq.org/exceptions/stale_element_reference.html
Build info: version: '2.45.0', revision: '5017cb8e7ca8e37638dc3091b2440b90a1d8686f', time: '2015-02-27 09:10:26'
System info: host: 'QA19', ip: '192.168.0.184', os.name: 'Windows 7', os.arch: 'amd64', os.version: '6.1', java.version: '1.6.0_20'
*** Element info: {Using=xpath, value=.//option[@value = "45248017"]}
Session ID: d0865df02f18d3310c820c21cfeabf9b
Driver info: org.openqa.selenium.chrome.ChromeDriver
Capabilities [{platform=XP, acceptSslCerts=true, javascriptEnabled=true, browserName=chrome, chrome={userDataDir=C:\Users\agil\AppData\Local\Temp\scoped_dir47088_18588}, rotatable=false, locationContextEnabled=true, version=51.0.2704.84, takesHeapSnapshot=true, cssSelectorsEnabled=true, databaseEnabled=false, handlesAlerts=true, browserConnectionEnabled=false, webStorageEnabled=true, nativeEvents=true, applicationCacheEnabled=false, takesScreenshot=true}]
INFO main main.controller.TercerosInfoFinanciera - Test Case 23 - Terceros Informacion financiera - java.lang.UnsupportedOperationException: You may only deselect all options of a multi-select
INFO main tests.VistasTercerosInfoFinancieraTest - Test Case - Terceros Informacion Financiera - org.openqa.selenium.NoSuchElementException: no such element
  (Session info: chrome=51.0.2704.103)
  (Driver info: chromedriver=2.9.248315,platform=Windows NT 6.1 SP1 x86_64) (WARNING: The server did not provide any stacktrace information)
Command duration or timeout: 1.31 seconds
For documentation on this error, please visit: http://seleniumhq.org/exceptions/no_such_element.html
Build info: version: '2.45.0', revision: '5017cb8e7ca8e37638dc3091b2440b90a1d8686f', time: '2015-02-27 09:10:26'
System info: host: 'QA19', ip: '192.168.0.184', os.name: 'Windows 7', os.arch: 'amd64', os.version: '6.1', java.version: '1.6.0_20'
*** Element info: {Using=name, value=SearchContent:ThirdInformation:showDetailSearchTable:proof:ThirdPartyRadioGroup}
Session ID: ec25e0d73be425acd3a019a3d6b93c0f
Driver info: org.openqa.selenium.chrome.ChromeDriver
Capabilities [{platform=XP, acceptSslCerts=true, javascriptEnabled=true, browserName=chrome, chrome={userDataDir=C:\Users\agil\AppData\Local\Temp\scoped_dir1248_16759}, rotatable=false, locationContextEnabled=true, version=51.0.2704.103, takesHeapSnapshot=true, cssSelectorsEnabled=true, databaseEnabled=false, handlesAlerts=true, browserConnectionEnabled=false, webStorageEnabled=true, nativeEvents=true, applicationCacheEnabled=false, takesScreenshot=true}]
INFO main main.controller.TercerosInfoFinanciera - Test Case 23 - Terceros Informacion financiera - java.lang.UnsupportedOperationException: You may only deselect all options of a multi-select
INFO main main.controller.TercerosInfoFinanciera - Test Case 23 - Terceros Informacion financiera - java.lang.UnsupportedOperationException: You may only deselect all options of a multi-select
INFO main main.controller.TercerosUpdateRoles - Test Case 24 - Terceros Update Roles - org.openqa.selenium.NoSuchElementException: no such element
  (Session info: chrome=51.0.2704.103)
  (Driver info: chromedriver=2.9.248315,platform=Windows NT 6.1 SP1 x86_64) (WARNING: The server did not provide any stacktrace information)
Command duration or timeout: 17 milliseconds
For documentation on this error, please visit: http://seleniumhq.org/exceptions/no_such_element.html
Build info: version: '2.45.0', revision: '5017cb8e7ca8e37638dc3091b2440b90a1d8686f', time: '2015-02-27 09:10:26'
System info: host: 'QA19', ip: '192.168.0.184', os.name: 'Windows 7', os.arch: 'amd64', os.version: '6.1', java.version: '1.6.0_20'
*** Element info: {Using=xpath, value=//tr[3]/td/div/input}
Session ID: fb729e7b3081d157608ddc690df2d2f3
Driver info: org.openqa.selenium.chrome.ChromeDriver
Capabilities [{platform=XP, acceptSslCerts=true, javascriptEnabled=true, browserName=chrome, chrome={userDataDir=C:\Users\agil\AppData\Local\Temp\scoped_dir7964_2064}, rotatable=false, locationContextEnabled=true, version=51.0.2704.103, takesHeapSnapshot=true, cssSelectorsEnabled=true, databaseEnabled=false, handlesAlerts=true, browserConnectionEnabled=false, webStorageEnabled=true, nativeEvents=true, applicationCacheEnabled=false, takesScreenshot=true}]
INFO main tests.VistaTercerosUpdateRolesTest - Test Case - Terceros Informacion Financiera - org.openqa.selenium.NoSuchElementException: no such element
  (Session info: chrome=51.0.2704.103)
  (Driver info: chromedriver=2.9.248315,platform=Windows NT 6.1 SP1 x86_64) (WARNING: The server did not provide any stacktrace information)
Command duration or timeout: 33 milliseconds
For documentation on this error, please visit: http://seleniumhq.org/exceptions/no_such_element.html
Build info: version: '2.45.0', revision: '5017cb8e7ca8e37638dc3091b2440b90a1d8686f', time: '2015-02-27 09:10:26'
System info: host: 'QA19', ip: '192.168.0.184', os.name: 'Windows 7', os.arch: 'amd64', os.version: '6.1', java.version: '1.6.0_20'
*** Element info: {Using=xpath, value=//div[3]/div/div/div[3]/div/input}
Session ID: fb729e7b3081d157608ddc690df2d2f3
Driver info: org.openqa.selenium.chrome.ChromeDriver
Capabilities [{platform=XP, acceptSslCerts=true, javascriptEnabled=true, browserName=chrome, chrome={userDataDir=C:\Users\agil\AppData\Local\Temp\scoped_dir7964_2064}, rotatable=false, locationContextEnabled=true, version=51.0.2704.103, takesHeapSnapshot=true, cssSelectorsEnabled=true, databaseEnabled=false, handlesAlerts=true, browserConnectionEnabled=false, webStorageEnabled=true, nativeEvents=true, applicationCacheEnabled=false, takesScreenshot=true}]
INFO main main.controller.TercerosUpdateRoles - Test Case 24 - Terceros Update Roles - org.openqa.selenium.NoSuchElementException: no such element
  (Session info: chrome=51.0.2704.103)
  (Driver info: chromedriver=2.9.248315,platform=Windows NT 6.1 SP1 x86_64) (WARNING: The server did not provide any stacktrace information)
Command duration or timeout: 17 milliseconds
For documentation on this error, please visit: http://seleniumhq.org/exceptions/no_such_element.html
Build info: version: '2.45.0', revision: '5017cb8e7ca8e37638dc3091b2440b90a1d8686f', time: '2015-02-27 09:10:26'
System info: host: 'QA19', ip: '192.168.0.184', os.name: 'Windows 7', os.arch: 'amd64', os.version: '6.1', java.version: '1.6.0_20'
*** Element info: {Using=xpath, value=//div[2]/table/tbody/tr/td/div/div/div/div/select}
Session ID: 7f8f4d5ee221af51e2a3bdd668d7a9e9
Driver info: org.openqa.selenium.chrome.ChromeDriver
Capabilities [{platform=XP, acceptSslCerts=true, javascriptEnabled=true, browserName=chrome, chrome={userDataDir=C:\Users\agil\AppData\Local\Temp\scoped_dir9836_32667}, rotatable=false, locationContextEnabled=true, version=51.0.2704.103, takesHeapSnapshot=true, cssSelectorsEnabled=true, databaseEnabled=false, handlesAlerts=true, browserConnectionEnabled=false, webStorageEnabled=true, nativeEvents=true, applicationCacheEnabled=false, takesScreenshot=true}]
INFO main tests.VistaTercerosUpdateRolesTest - Test Case - Terceros Informacion Financiera - org.openqa.selenium.NoSuchElementException: no such element
  (Session info: chrome=51.0.2704.103)
  (Driver info: chromedriver=2.9.248315,platform=Windows NT 6.1 SP1 x86_64) (WARNING: The server did not provide any stacktrace information)
Command duration or timeout: 28 milliseconds
For documentation on this error, please visit: http://seleniumhq.org/exceptions/no_such_element.html
Build info: version: '2.45.0', revision: '5017cb8e7ca8e37638dc3091b2440b90a1d8686f', time: '2015-02-27 09:10:26'
System info: host: 'QA19', ip: '192.168.0.184', os.name: 'Windows 7', os.arch: 'amd64', os.version: '6.1', java.version: '1.6.0_20'
*** Element info: {Using=xpath, value=//div[3]/div/div/div[3]/div/input}
Session ID: 7f8f4d5ee221af51e2a3bdd668d7a9e9
Driver info: org.openqa.selenium.chrome.ChromeDriver
Capabilities [{platform=XP, acceptSslCerts=true, javascriptEnabled=true, browserName=chrome, chrome={userDataDir=C:\Users\agil\AppData\Local\Temp\scoped_dir9836_32667}, rotatable=false, locationContextEnabled=true, version=51.0.2704.103, takesHeapSnapshot=true, cssSelectorsEnabled=true, databaseEnabled=false, handlesAlerts=true, browserConnectionEnabled=false, webStorageEnabled=true, nativeEvents=true, applicationCacheEnabled=false, takesScreenshot=true}]
INFO main main.controller.TercerosUpdateRoles - Test Case 24 - Terceros Update Roles - org.openqa.selenium.NoSuchElementException: Cannot locate option with value: GENERO
For documentation on this error, please visit: http://seleniumhq.org/exceptions/no_such_element.html
Build info: version: '2.45.0', revision: '5017cb8e7ca8e37638dc3091b2440b90a1d8686f', time: '2015-02-27 09:10:26'
System info: host: 'QA19', ip: '192.168.0.184', os.name: 'Windows 7', os.arch: 'amd64', os.version: '6.1', java.version: '1.6.0_20'
Driver info: driver.version: unknown
INFO main main.controller.TercerosUpdateRoles - Test Case 24 - Terceros Update Roles - org.openqa.selenium.StaleElementReferenceException: stale element reference: element is not attached to the page document
  (Session info: chrome=51.0.2704.103)
  (Driver info: chromedriver=2.9.248315,platform=Windows NT 6.1 SP1 x86_64) (WARNING: The server did not provide any stacktrace information)
Command duration or timeout: 45 milliseconds
For documentation on this error, please visit: http://seleniumhq.org/exceptions/stale_element_reference.html
Build info: version: '2.45.0', revision: '5017cb8e7ca8e37638dc3091b2440b90a1d8686f', time: '2015-02-27 09:10:26'
System info: host: 'QA19', ip: '192.168.0.184', os.name: 'Windows 7', os.arch: 'amd64', os.version: '6.1', java.version: '1.6.0_20'
Session ID: 96ee5993a9938d9cd8285631f9ade87e
Driver info: org.openqa.selenium.chrome.ChromeDriver
Capabilities [{platform=XP, acceptSslCerts=true, javascriptEnabled=true, browserName=chrome, chrome={userDataDir=C:\Users\agil\AppData\Local\Temp\scoped_dir5460_12567}, rotatable=false, locationContextEnabled=true, version=51.0.2704.103, takesHeapSnapshot=true, cssSelectorsEnabled=true, databaseEnabled=false, handlesAlerts=true, browserConnectionEnabled=false, webStorageEnabled=true, nativeEvents=true, applicationCacheEnabled=false, takesScreenshot=true}]
INFO main tests.VistaTercerosUpdateRolesTest - Test Case - Terceros Informacion Financiera - org.openqa.selenium.NoSuchElementException: no such element
  (Session info: chrome=51.0.2704.103)
  (Driver info: chromedriver=2.9.248315,platform=Windows NT 6.1 SP1 x86_64) (WARNING: The server did not provide any stacktrace information)
Command duration or timeout: 18 milliseconds
For documentation on this error, please visit: http://seleniumhq.org/exceptions/no_such_element.html
Build info: version: '2.45.0', revision: '5017cb8e7ca8e37638dc3091b2440b90a1d8686f', time: '2015-02-27 09:10:26'
System info: host: 'QA19', ip: '192.168.0.184', os.name: 'Windows 7', os.arch: 'amd64', os.version: '6.1', java.version: '1.6.0_20'
*** Element info: {Using=xpath, value=//div[3]/div/div/div[3]/div/input}
Session ID: 96ee5993a9938d9cd8285631f9ade87e
Driver info: org.openqa.selenium.chrome.ChromeDriver
Capabilities [{platform=XP, acceptSslCerts=true, javascriptEnabled=true, browserName=chrome, chrome={userDataDir=C:\Users\agil\AppData\Local\Temp\scoped_dir5460_12567}, rotatable=false, locationContextEnabled=true, version=51.0.2704.103, takesHeapSnapshot=true, cssSelectorsEnabled=true, databaseEnabled=false, handlesAlerts=true, browserConnectionEnabled=false, webStorageEnabled=true, nativeEvents=true, applicationCacheEnabled=false, takesScreenshot=true}]
INFO main tests.VistaTercerosUpdateRolesTest - Test Case - Terceros Informacion Financiera - org.openqa.selenium.NoSuchElementException: no such element
  (Session info: chrome=51.0.2704.103)
  (Driver info: chromedriver=2.9.248315,platform=Windows NT 6.1 SP1 x86_64) (WARNING: The server did not provide any stacktrace information)
Command duration or timeout: 54 milliseconds
For documentation on this error, please visit: http://seleniumhq.org/exceptions/no_such_element.html
Build info: version: '2.45.0', revision: '5017cb8e7ca8e37638dc3091b2440b90a1d8686f', time: '2015-02-27 09:10:26'
System info: host: 'QA19', ip: '192.168.0.184', os.name: 'Windows 7', os.arch: 'amd64', os.version: '6.1', java.version: '1.6.0_20'
*** Element info: {Using=xpath, value=//div[3]/div/div/div[3]/div/input}
Session ID: 5ffa4d57ca09235ee0fc683e0bf7570b
Driver info: org.openqa.selenium.chrome.ChromeDriver
Capabilities [{platform=XP, acceptSslCerts=true, javascriptEnabled=true, browserName=chrome, chrome={userDataDir=C:\Users\agil\AppData\Local\Temp\scoped_dir11812_11708}, rotatable=false, locationContextEnabled=true, version=51.0.2704.103, takesHeapSnapshot=true, cssSelectorsEnabled=true, databaseEnabled=false, handlesAlerts=true, browserConnectionEnabled=false, webStorageEnabled=true, nativeEvents=true, applicationCacheEnabled=false, takesScreenshot=true}]
INFO main main.controller.TercerosUpdateRoles - Test Case 24 - Terceros Update Roles - org.openqa.selenium.NoSuchElementException: no such element
  (Session info: chrome=51.0.2704.103)
  (Driver info: chromedriver=2.9.248315,platform=Windows NT 6.1 SP1 x86_64) (WARNING: The server did not provide any stacktrace information)
Command duration or timeout: 17 milliseconds
For documentation on this error, please visit: http://seleniumhq.org/exceptions/no_such_element.html
Build info: version: '2.45.0', revision: '5017cb8e7ca8e37638dc3091b2440b90a1d8686f', time: '2015-02-27 09:10:26'
System info: host: 'QA19', ip: '192.168.0.184', os.name: 'Windows 7', os.arch: 'amd64', os.version: '6.1', java.version: '1.6.0_20'
*** Element info: {Using=xpath, value=//TipoElemento[@input='ThirdInformationContent_thirdInformation_panelRol_templateContainer_rolTempForm_templateBasicThird_tabPanel_repeaterTab_1_SubTabsInformation_repeater_2_fila_fieldDate']}
Session ID: 9b52c0304f82cbc6d5f5fd351efc15f4
Driver info: org.openqa.selenium.chrome.ChromeDriver
Capabilities [{platform=XP, acceptSslCerts=true, javascriptEnabled=true, browserName=chrome, chrome={userDataDir=C:\Users\agil\AppData\Local\Temp\scoped_dir10668_31376}, rotatable=false, locationContextEnabled=true, version=51.0.2704.103, takesHeapSnapshot=true, cssSelectorsEnabled=true, databaseEnabled=false, handlesAlerts=true, browserConnectionEnabled=false, webStorageEnabled=true, nativeEvents=true, applicationCacheEnabled=false, takesScreenshot=true}]
INFO main tests.VistaTercerosUpdateRolesTest - Test Case - Terceros Informacion Financiera - org.openqa.selenium.NoSuchElementException: no such element
  (Session info: chrome=51.0.2704.103)
  (Driver info: chromedriver=2.9.248315,platform=Windows NT 6.1 SP1 x86_64) (WARNING: The server did not provide any stacktrace information)
Command duration or timeout: 409 milliseconds
For documentation on this error, please visit: http://seleniumhq.org/exceptions/no_such_element.html
Build info: version: '2.45.0', revision: '5017cb8e7ca8e37638dc3091b2440b90a1d8686f', time: '2015-02-27 09:10:26'
System info: host: 'QA19', ip: '192.168.0.184', os.name: 'Windows 7', os.arch: 'amd64', os.version: '6.1', java.version: '1.6.0_20'
*** Element info: {Using=xpath, value=//div[3]/div/div/div[3]/div/input}
Session ID: 9b52c0304f82cbc6d5f5fd351efc15f4
Driver info: org.openqa.selenium.chrome.ChromeDriver
Capabilities [{platform=XP, acceptSslCerts=true, javascriptEnabled=true, browserName=chrome, chrome={userDataDir=C:\Users\agil\AppData\Local\Temp\scoped_dir10668_31376}, rotatable=false, locationContextEnabled=true, version=51.0.2704.103, takesHeapSnapshot=true, cssSelectorsEnabled=true, databaseEnabled=false, handlesAlerts=true, browserConnectionEnabled=false, webStorageEnabled=true, nativeEvents=true, applicationCacheEnabled=false, takesScreenshot=true}]
INFO main main.controller.TercerosUpdateRoles - Test Case 24 - Terceros Update Roles - org.openqa.selenium.NoSuchElementException: no such element
  (Session info: chrome=51.0.2704.103)
  (Driver info: chromedriver=2.9.248315,platform=Windows NT 6.1 SP1 x86_64) (WARNING: The server did not provide any stacktrace information)
Command duration or timeout: 17 milliseconds
For documentation on this error, please visit: http://seleniumhq.org/exceptions/no_such_element.html
Build info: version: '2.45.0', revision: '5017cb8e7ca8e37638dc3091b2440b90a1d8686f', time: '2015-02-27 09:10:26'
System info: host: 'QA19', ip: '192.168.0.184', os.name: 'Windows 7', os.arch: 'amd64', os.version: '6.1', java.version: '1.6.0_20'
*** Element info: {Using=xpath, value=//input[@input='ThirdInformationContent_thirdInformation_panelRol_templateContainer_rolTempForm_templateBasicThird_tabPanel_repeaterTab_1_SubTabsInformation_repeater_2_fila_fieldDate']}
Session ID: 84c15781908157f0856af8344a34959b
Driver info: org.openqa.selenium.chrome.ChromeDriver
Capabilities [{platform=XP, acceptSslCerts=true, javascriptEnabled=true, browserName=chrome, chrome={userDataDir=C:\Users\agil\AppData\Local\Temp\scoped_dir4956_2489}, rotatable=false, locationContextEnabled=true, version=51.0.2704.103, takesHeapSnapshot=true, cssSelectorsEnabled=true, databaseEnabled=false, handlesAlerts=true, browserConnectionEnabled=false, webStorageEnabled=true, nativeEvents=true, applicationCacheEnabled=false, takesScreenshot=true}]
INFO main tests.VistaTercerosUpdateRolesTest - Test Case - Terceros Informacion Financiera - org.openqa.selenium.NoSuchElementException: no such element
  (Session info: chrome=51.0.2704.103)
  (Driver info: chromedriver=2.9.248315,platform=Windows NT 6.1 SP1 x86_64) (WARNING: The server did not provide any stacktrace information)
Command duration or timeout: 18 milliseconds
For documentation on this error, please visit: http://seleniumhq.org/exceptions/no_such_element.html
Build info: version: '2.45.0', revision: '5017cb8e7ca8e37638dc3091b2440b90a1d8686f', time: '2015-02-27 09:10:26'
System info: host: 'QA19', ip: '192.168.0.184', os.name: 'Windows 7', os.arch: 'amd64', os.version: '6.1', java.version: '1.6.0_20'
*** Element info: {Using=xpath, value=//div[3]/div/div/div[3]/div/input}
Session ID: 84c15781908157f0856af8344a34959b
Driver info: org.openqa.selenium.chrome.ChromeDriver
Capabilities [{platform=XP, acceptSslCerts=true, javascriptEnabled=true, browserName=chrome, chrome={userDataDir=C:\Users\agil\AppData\Local\Temp\scoped_dir4956_2489}, rotatable=false, locationContextEnabled=true, version=51.0.2704.103, takesHeapSnapshot=true, cssSelectorsEnabled=true, databaseEnabled=false, handlesAlerts=true, browserConnectionEnabled=false, webStorageEnabled=true, nativeEvents=true, applicationCacheEnabled=false, takesScreenshot=true}]
INFO main tests.VistasTercerosRolesTest - Test Case 22 - Terceros Asociacion de Roles - org.openqa.selenium.NoSuchElementException: no such element
  (Session info: chrome=51.0.2704.103)
  (Driver info: chromedriver=2.9.248315,platform=Windows NT 6.1 SP1 x86_64) (WARNING: The server did not provide any stacktrace information)
Command duration or timeout: 18 milliseconds
For documentation on this error, please visit: http://seleniumhq.org/exceptions/no_such_element.html
Build info: version: '2.45.0', revision: '5017cb8e7ca8e37638dc3091b2440b90a1d8686f', time: '2015-02-27 09:10:26'
System info: host: 'QA19', ip: '192.168.0.184', os.name: 'Windows 7', os.arch: 'amd64', os.version: '6.1', java.version: '1.6.0_20'
*** Element info: {Using=name, value=//input[@wicketpath='SearchContent_ThirdInformation_templateContainer_searchForm_searchButton']}
Session ID: 9d572211dccffc97764adae11428175b
Driver info: org.openqa.selenium.chrome.ChromeDriver
Capabilities [{platform=XP, acceptSslCerts=true, javascriptEnabled=true, browserName=chrome, chrome={userDataDir=C:\Users\agil\AppData\Local\Temp\scoped_dir9932_17978}, rotatable=false, locationContextEnabled=true, version=51.0.2704.103, takesHeapSnapshot=true, cssSelectorsEnabled=true, databaseEnabled=false, handlesAlerts=true, browserConnectionEnabled=false, webStorageEnabled=true, nativeEvents=true, applicationCacheEnabled=false, takesScreenshot=true}]
INFO main tests.VistasTercerosRolesTest - Test Case 22 - Terceros Asociacion de Roles - org.openqa.selenium.NoSuchElementException: no such element
  (Session info: chrome=51.0.2704.103)
  (Driver info: chromedriver=2.9.248315,platform=Windows NT 6.1 SP1 x86_64) (WARNING: The server did not provide any stacktrace information)
Command duration or timeout: 19 milliseconds
For documentation on this error, please visit: http://seleniumhq.org/exceptions/no_such_element.html
Build info: version: '2.45.0', revision: '5017cb8e7ca8e37638dc3091b2440b90a1d8686f', time: '2015-02-27 09:10:26'
System info: host: 'QA19', ip: '192.168.0.184', os.name: 'Windows 7', os.arch: 'amd64', os.version: '6.1', java.version: '1.6.0_20'
*** Element info: {Using=name, value=//input[@wicketpath='SearchContent_ThirdInformation_templateContainer_searchForm_searchButton']}
Session ID: 4047627b6a8c765a8ed09c8b28bee3d2
Driver info: org.openqa.selenium.chrome.ChromeDriver
Capabilities [{platform=XP, acceptSslCerts=true, javascriptEnabled=true, browserName=chrome, chrome={userDataDir=C:\Users\agil\AppData\Local\Temp\scoped_dir2480_489}, rotatable=false, locationContextEnabled=true, version=51.0.2704.103, takesHeapSnapshot=true, cssSelectorsEnabled=true, databaseEnabled=false, handlesAlerts=true, browserConnectionEnabled=false, webStorageEnabled=true, nativeEvents=true, applicationCacheEnabled=false, takesScreenshot=true}]
INFO main tests.VistasTercerosRolesTest - Test Case 22 - Terceros Asociacion de Roles - org.openqa.selenium.NoSuchElementException: no such element
  (Session info: chrome=51.0.2704.103)
  (Driver info: chromedriver=2.9.248315,platform=Windows NT 6.1 SP1 x86_64) (WARNING: The server did not provide any stacktrace information)
Command duration or timeout: 17 milliseconds
For documentation on this error, please visit: http://seleniumhq.org/exceptions/no_such_element.html
Build info: version: '2.45.0', revision: '5017cb8e7ca8e37638dc3091b2440b90a1d8686f', time: '2015-02-27 09:10:26'
System info: host: 'QA19', ip: '192.168.0.184', os.name: 'Windows 7', os.arch: 'amd64', os.version: '6.1', java.version: '1.6.0_20'
*** Element info: {Using=xpath, value=//select[@wicketpath='WicketpathElemento']}
Session ID: 2d65c342a2ab54855ed59411a2346071
Driver info: org.openqa.selenium.chrome.ChromeDriver
Capabilities [{platform=XP, acceptSslCerts=true, javascriptEnabled=true, browserName=chrome, chrome={userDataDir=C:\Users\agil\AppData\Local\Temp\scoped_dir9824_5854}, rotatable=false, locationContextEnabled=true, version=51.0.2704.103, takesHeapSnapshot=true, cssSelectorsEnabled=true, databaseEnabled=false, handlesAlerts=true, browserConnectionEnabled=false, webStorageEnabled=true, nativeEvents=true, applicationCacheEnabled=false, takesScreenshot=true}]
INFO main tests.VistasTercerosRolesTest - Test Case 22 - Terceros Asociacion de Roles - org.openqa.selenium.NoSuchElementException: no such element
  (Session info: chrome=51.0.2704.103)
  (Driver info: chromedriver=2.9.248315,platform=Windows NT 6.1 SP1 x86_64) (WARNING: The server did not provide any stacktrace information)
Command duration or timeout: 19 milliseconds
For documentation on this error, please visit: http://seleniumhq.org/exceptions/no_such_element.html
Build info: version: '2.45.0', revision: '5017cb8e7ca8e37638dc3091b2440b90a1d8686f', time: '2015-02-27 09:10:26'
System info: host: 'QA19', ip: '192.168.0.184', os.name: 'Windows 7', os.arch: 'amd64', os.version: '6.1', java.version: '1.6.0_20'
*** Element info: {Using=name, value=//input[@wicketpath='WicketpathElemento']}
Session ID: 12374f3820206fd4efc3b3d5ad612dd3
Driver info: org.openqa.selenium.chrome.ChromeDriver
Capabilities [{platform=XP, acceptSslCerts=true, javascriptEnabled=true, browserName=chrome, chrome={userDataDir=C:\Users\agil\AppData\Local\Temp\scoped_dir10156_1905}, rotatable=false, locationContextEnabled=true, version=51.0.2704.103, takesHeapSnapshot=true, cssSelectorsEnabled=true, databaseEnabled=false, handlesAlerts=true, browserConnectionEnabled=false, webStorageEnabled=true, nativeEvents=true, applicationCacheEnabled=false, takesScreenshot=true}]
INFO main tests.VistasTercerosRolesTest - Test Case 22 - Terceros Asociacion de Roles - org.openqa.selenium.ElementNotVisibleException: element not visible
  (Session info: chrome=51.0.2704.103)
  (Driver info: chromedriver=2.9.248315,platform=Windows NT 6.1 SP1 x86_64) (WARNING: The server did not provide any stacktrace information)
Command duration or timeout: 19 milliseconds
Build info: version: '2.45.0', revision: '5017cb8e7ca8e37638dc3091b2440b90a1d8686f', time: '2015-02-27 09:10:26'
System info: host: 'QA19', ip: '192.168.0.184', os.name: 'Windows 7', os.arch: 'amd64', os.version: '6.1', java.version: '1.6.0_20'
Session ID: 58db99710165548e2562d1aa8816b170
Driver info: org.openqa.selenium.chrome.ChromeDriver
Capabilities [{platform=XP, acceptSslCerts=true, javascriptEnabled=true, browserName=chrome, chrome={userDataDir=C:\Users\agil\AppData\Local\Temp\scoped_dir12204_13678}, rotatable=false, locationContextEnabled=true, version=51.0.2704.103, takesHeapSnapshot=true, cssSelectorsEnabled=true, databaseEnabled=false, handlesAlerts=true, browserConnectionEnabled=false, webStorageEnabled=true, nativeEvents=true, applicationCacheEnabled=false, takesScreenshot=true}]
INFO main tests.VistasTercerosRolesTest - Test Case 22 - Terceros Asociacion de Roles - org.openqa.selenium.NoSuchElementException: no such element
  (Session info: chrome=51.0.2704.103)
  (Driver info: chromedriver=2.9.248315,platform=Windows NT 6.1 SP1 x86_64) (WARNING: The server did not provide any stacktrace information)
Command duration or timeout: 19 milliseconds
For documentation on this error, please visit: http://seleniumhq.org/exceptions/no_such_element.html
Build info: version: '2.45.0', revision: '5017cb8e7ca8e37638dc3091b2440b90a1d8686f', time: '2015-02-27 09:10:26'
System info: host: 'QA19', ip: '192.168.0.184', os.name: 'Windows 7', os.arch: 'amd64', os.version: '6.1', java.version: '1.6.0_20'
*** Element info: {Using=name, value=//input[@wicketpath='ThirdInformationContent_thirdInformation_panelRol_templateContainer_errorsPanel_content_errorsForm_AcceptButton']}
Session ID: ca4f8a0f713a633e975f08f335971ee9
Driver info: org.openqa.selenium.chrome.ChromeDriver
Capabilities [{platform=XP, acceptSslCerts=true, javascriptEnabled=true, browserName=chrome, chrome={userDataDir=C:\Users\agil\AppData\Local\Temp\scoped_dir5520_14352}, rotatable=false, locationContextEnabled=true, version=51.0.2704.103, takesHeapSnapshot=true, cssSelectorsEnabled=true, databaseEnabled=false, handlesAlerts=true, browserConnectionEnabled=false, webStorageEnabled=true, nativeEvents=true, applicationCacheEnabled=false, takesScreenshot=true}]
INFO main tests.VistasTercerosRolesTest - Test Case 22 - Terceros Asociacion de Roles - org.openqa.selenium.NoSuchElementException: no such element
  (Session info: chrome=51.0.2704.103)
  (Driver info: chromedriver=2.9.248315,platform=Windows NT 6.1 SP1 x86_64) (WARNING: The server did not provide any stacktrace information)
Command duration or timeout: 19 milliseconds
For documentation on this error, please visit: http://seleniumhq.org/exceptions/no_such_element.html
Build info: version: '2.45.0', revision: '5017cb8e7ca8e37638dc3091b2440b90a1d8686f', time: '2015-02-27 09:10:26'
System info: host: 'QA19', ip: '192.168.0.184', os.name: 'Windows 7', os.arch: 'amd64', os.version: '6.1', java.version: '1.6.0_20'
*** Element info: {Using=name, value=//input[@wicketpath='ThirdInformationContent_thirdInformation_panelRol_templateContainer_errorsPanel_content_errorsForm_AcceptButton']}
Session ID: 57837048194d0347ceab877e87e6481c
Driver info: org.openqa.selenium.chrome.ChromeDriver
Capabilities [{platform=XP, acceptSslCerts=true, javascriptEnabled=true, browserName=chrome, chrome={userDataDir=C:\Users\agil\AppData\Local\Temp\scoped_dir3844_32242}, rotatable=false, locationContextEnabled=true, version=51.0.2704.103, takesHeapSnapshot=true, cssSelectorsEnabled=true, databaseEnabled=false, handlesAlerts=true, browserConnectionEnabled=false, webStorageEnabled=true, nativeEvents=true, applicationCacheEnabled=false, takesScreenshot=true}]
INFO main tests.VistaTercerosUpdateRolesTest - Test Case - Terceros Informacion Financiera - org.openqa.selenium.NoSuchElementException: no such element
  (Session info: chrome=51.0.2704.103)
  (Driver info: chromedriver=2.9.248315,platform=Windows NT 6.1 SP1 x86_64) (WARNING: The server did not provide any stacktrace information)
Command duration or timeout: 23 milliseconds
For documentation on this error, please visit: http://seleniumhq.org/exceptions/no_such_element.html
Build info: version: '2.45.0', revision: '5017cb8e7ca8e37638dc3091b2440b90a1d8686f', time: '2015-02-27 09:10:26'
System info: host: 'QA19', ip: '192.168.0.184', os.name: 'Windows 7', os.arch: 'amd64', os.version: '6.1', java.version: '1.6.0_20'
*** Element info: {Using=class name, value=CeldaEncabezado}
Session ID: 34e26214f0d627de2ec97e6ad06d2caa
Driver info: org.openqa.selenium.chrome.ChromeDriver
Capabilities [{platform=XP, acceptSslCerts=true, javascriptEnabled=true, browserName=chrome, chrome={userDataDir=C:\Users\agil\AppData\Local\Temp\scoped_dir2056_15965}, rotatable=false, locationContextEnabled=true, version=51.0.2704.103, takesHeapSnapshot=true, cssSelectorsEnabled=true, databaseEnabled=false, handlesAlerts=true, browserConnectionEnabled=false, webStorageEnabled=true, nativeEvents=true, applicationCacheEnabled=false, takesScreenshot=true}]
INFO main main.controller.TercerosInfoFinanciera - Test Case 23 - Terceros Informacion financiera - org.openqa.selenium.InvalidSelectorException: invalid selector: Unable to locate an element with the xpath expression ///input[@wicketpath='ThirdInformationContent_thirdInformation_PanelFinancialInformation_data__container__ThirdFinInfo_BasicThirdInformation_registerFormThirdAddress_templateBasicFinantial_repeaterPanel2_9_fila_field_repeaterChoice_2_radio'] because of the following error:
SyntaxError: Failed to execute 'evaluate' on 'Document': The string '///input[@wicketpath='ThirdInformationContent_thirdInformation_PanelFinancialInformation_data__container__ThirdFinInfo_BasicThirdInformation_registerFormThirdAddress_templateBasicFinantial_repeaterPanel2_9_fila_field_repeaterChoice_2_radio']' is not a valid XPath expression.
  (Session info: chrome=51.0.2704.103)
  (Driver info: chromedriver=2.9.248315,platform=Windows NT 6.1 SP1 x86_64) (WARNING: The server did not provide any stacktrace information)
Command duration or timeout: 19 milliseconds
For documentation on this error, please visit: http://seleniumhq.org/exceptions/invalid_selector_exception.html
Build info: version: '2.45.0', revision: '5017cb8e7ca8e37638dc3091b2440b90a1d8686f', time: '2015-02-27 09:10:26'
System info: host: 'QA19', ip: '192.168.0.184', os.name: 'Windows 7', os.arch: 'amd64', os.version: '6.1', java.version: '1.6.0_20'
*** Element info: {Using=xpath, value=///input[@wicketpath='ThirdInformationContent_thirdInformation_PanelFinancialInformation_data__container__ThirdFinInfo_BasicThirdInformation_registerFormThirdAddress_templateBasicFinantial_repeaterPanel2_9_fila_field_repeaterChoice_2_radio']}
Session ID: 02a6a9f61500ae7d8223a5f659d380f7
Driver info: org.openqa.selenium.chrome.ChromeDriver
Capabilities [{platform=XP, acceptSslCerts=true, javascriptEnabled=true, browserName=chrome, chrome={userDataDir=C:\Users\agil\AppData\Local\Temp\scoped_dir3204_26581}, rotatable=false, locationContextEnabled=true, version=51.0.2704.103, takesHeapSnapshot=true, cssSelectorsEnabled=true, databaseEnabled=false, handlesAlerts=true, browserConnectionEnabled=false, webStorageEnabled=true, nativeEvents=true, applicationCacheEnabled=false, takesScreenshot=true}]
INFO main main.controller.TercerosInfoFinanciera - Test Case 23 - Terceros Informacion financiera - java.lang.UnsupportedOperationException: You may only deselect all options of a multi-select
INFO main tests.VistasTercerosInfoFinancieraTest - Test Case - Terceros Informacion Financiera - org.openqa.selenium.WebDriverException: unknown error: cannot get automation extension
from chrome not reachable
  (Session info: chrome=51.0.2704.103)
  (Driver info: chromedriver=2.9.248315,platform=Windows NT 6.1 SP1 x86_64) (WARNING: The server did not provide any stacktrace information)
Command duration or timeout: 1.12 seconds
Build info: version: '2.45.0', revision: '5017cb8e7ca8e37638dc3091b2440b90a1d8686f', time: '2015-02-27 09:10:26'
System info: host: 'QA19', ip: '192.168.0.184', os.name: 'Windows 7', os.arch: 'amd64', os.version: '6.1', java.version: '1.6.0_20'
Session ID: 7d165576bd1d11731771b1fe85f22588
Driver info: org.openqa.selenium.chrome.ChromeDriver
Capabilities [{platform=XP, acceptSslCerts=true, javascriptEnabled=true, browserName=chrome, chrome={userDataDir=C:\Users\agil\AppData\Local\Temp\scoped_dir5152_1247}, rotatable=false, locationContextEnabled=true, version=51.0.2704.103, takesHeapSnapshot=true, cssSelectorsEnabled=true, databaseEnabled=false, handlesAlerts=true, browserConnectionEnabled=false, webStorageEnabled=true, nativeEvents=true, applicationCacheEnabled=false, takesScreenshot=true}]
INFO main main.controller.TercerosInfoFinanciera - Test Case 23 - Terceros Informacion financiera - org.openqa.selenium.NoSuchElementException: no such element
  (Session info: chrome=51.0.2704.103)
  (Driver info: chromedriver=2.9.248315,platform=Windows NT 6.1 SP1 x86_64) (WARNING: The server did not provide any stacktrace information)
Command duration or timeout: 28 milliseconds
For documentation on this error, please visit: http://seleniumhq.org/exceptions/no_such_element.html
Build info: version: '2.45.0', revision: '5017cb8e7ca8e37638dc3091b2440b90a1d8686f', time: '2015-02-27 09:10:26'
System info: host: 'QA19', ip: '192.168.0.184', os.name: 'Windows 7', os.arch: 'amd64', os.version: '6.1', java.version: '1.6.0_20'
*** Element info: {Using=xpath, value=//input[@wicketpath='ThirdInformationContent_thirdInformation_PanelFinancialInformation_formThirdFinancial_AddButton']}
Session ID: 1940b45c3fe64a3a96af7cc34c0299f7
Driver info: org.openqa.selenium.chrome.ChromeDriver
Capabilities [{platform=XP, acceptSslCerts=true, javascriptEnabled=true, browserName=chrome, chrome={userDataDir=C:\Users\agil\AppData\Local\Temp\scoped_dir6676_30767}, rotatable=false, locationContextEnabled=true, version=51.0.2704.103, takesHeapSnapshot=true, cssSelectorsEnabled=true, databaseEnabled=false, handlesAlerts=true, browserConnectionEnabled=false, webStorageEnabled=true, nativeEvents=true, applicationCacheEnabled=false, takesScreenshot=true}]
INFO main main.controller.TercerosInfoFinanciera - Test Case 23 - Terceros Informacion financiera - org.openqa.selenium.NoSuchElementException: no such element
  (Session info: chrome=51.0.2704.103)
  (Driver info: chromedriver=2.9.248315,platform=Windows NT 6.1 SP1 x86_64) (WARNING: The server did not provide any stacktrace information)
Command duration or timeout: 692 milliseconds
For documentation on this error, please visit: http://seleniumhq.org/exceptions/no_such_element.html
Build info: version: '2.45.0', revision: '5017cb8e7ca8e37638dc3091b2440b90a1d8686f', time: '2015-02-27 09:10:26'
System info: host: 'QA19', ip: '192.168.0.184', os.name: 'Windows 7', os.arch: 'amd64', os.version: '6.1', java.version: '1.6.0_20'
*** Element info: {Using=xpath, value=//input[@wicketpath='ThirdInformationContent_thirdInformation_PanelFinancialInformation_data__container__ThirdFinInfo_BasicThirdInformation_registerFormThirdAddress_templateBasicFinantial_repeaterPanel1_1_fila_fieldDate']}
Session ID: 1940b45c3fe64a3a96af7cc34c0299f7
Driver info: org.openqa.selenium.chrome.ChromeDriver
Capabilities [{platform=XP, acceptSslCerts=true, javascriptEnabled=true, browserName=chrome, chrome={userDataDir=C:\Users\agil\AppData\Local\Temp\scoped_dir6676_30767}, rotatable=false, locationContextEnabled=true, version=51.0.2704.103, takesHeapSnapshot=true, cssSelectorsEnabled=true, databaseEnabled=false, handlesAlerts=true, browserConnectionEnabled=false, webStorageEnabled=true, nativeEvents=true, applicationCacheEnabled=false, takesScreenshot=true}]
INFO main main.controller.TercerosInfoFinanciera - Test Case 23 - Terceros Informacion financiera - org.openqa.selenium.StaleElementReferenceException: stale element reference: element is not attached to the page document
  (Session info: chrome=51.0.2704.103)
  (Driver info: chromedriver=2.9.248315,platform=Windows NT 6.1 SP1 x86_64) (WARNING: The server did not provide any stacktrace information)
Command duration or timeout: 10 milliseconds
For documentation on this error, please visit: http://seleniumhq.org/exceptions/stale_element_reference.html
Build info: version: '2.45.0', revision: '5017cb8e7ca8e37638dc3091b2440b90a1d8686f', time: '2015-02-27 09:10:26'
System info: host: 'QA19', ip: '192.168.0.184', os.name: 'Windows 7', os.arch: 'amd64', os.version: '6.1', java.version: '1.6.0_20'
*** Element info: {Using=xpath, value=.//option[@value = "45248017"]}
Session ID: 8b69ef56ab7168c3dec9fec12930c9c2
Driver info: org.openqa.selenium.chrome.ChromeDriver
Capabilities [{platform=XP, acceptSslCerts=true, javascriptEnabled=true, browserName=chrome, chrome={userDataDir=C:\Users\agil\AppData\Local\Temp\scoped_dir6948_23604}, rotatable=false, locationContextEnabled=true, version=51.0.2704.103, takesHeapSnapshot=true, cssSelectorsEnabled=true, databaseEnabled=false, handlesAlerts=true, browserConnectionEnabled=false, webStorageEnabled=true, nativeEvents=true, applicationCacheEnabled=false, takesScreenshot=true}]
INFO main tests.VistasTercerosInfoFinancieraTest - Test Case - Terceros Informacion Financiera - org.openqa.selenium.NoSuchElementException: no such element
  (Session info: chrome=51.0.2704.103)
  (Driver info: chromedriver=2.9.248315,platform=Windows NT 6.1 SP1 x86_64) (WARNING: The server did not provide any stacktrace information)
Command duration or timeout: 41 milliseconds
For documentation on this error, please visit: http://seleniumhq.org/exceptions/no_such_element.html
Build info: version: '2.45.0', revision: '5017cb8e7ca8e37638dc3091b2440b90a1d8686f', time: '2015-02-27 09:10:26'
System info: host: 'QA19', ip: '192.168.0.184', os.name: 'Windows 7', os.arch: 'amd64', os.version: '6.1', java.version: '1.6.0_20'
*** Element info: {Using=class name, value=CeldaEncabezado}
Session ID: 4334567c7accd66356f48d9660edffa2
Driver info: org.openqa.selenium.chrome.ChromeDriver
Capabilities [{platform=XP, acceptSslCerts=true, javascriptEnabled=true, browserName=chrome, chrome={userDataDir=C:\Users\agil\AppData\Local\Temp\scoped_dir7992_9291}, rotatable=false, locationContextEnabled=true, version=51.0.2704.103, takesHeapSnapshot=true, cssSelectorsEnabled=true, databaseEnabled=false, handlesAlerts=true, browserConnectionEnabled=false, webStorageEnabled=true, nativeEvents=true, applicationCacheEnabled=false, takesScreenshot=true}]
INFO main main.controller.TercerosRoles - Test Case 18 - Terceros Linea de Credito Garantia - org.openqa.selenium.NoSuchElementException: Cannot locate option with value: 38942817
For documentation on this error, please visit: http://seleniumhq.org/exceptions/no_such_element.html
Build info: version: '2.45.0', revision: '5017cb8e7ca8e37638dc3091b2440b90a1d8686f', time: '2015-02-27 09:10:26'
System info: host: 'QA19', ip: '192.168.0.184', os.name: 'Windows 7', os.arch: 'amd64', os.version: '6.1', java.version: '1.6.0_20'
Driver info: driver.version: unknown
INFO main tests.VistaTercerosLineaCreditoGarantiaTest - Test Case - Terceros Linea de Credito Garantia - org.openqa.selenium.NoSuchElementException: no such element
  (Session info: chrome=51.0.2704.103)
  (Driver info: chromedriver=2.9.248315,platform=Windows NT 6.1 SP1 x86_64) (WARNING: The server did not provide any stacktrace information)
Command duration or timeout: 18 milliseconds
For documentation on this error, please visit: http://seleniumhq.org/exceptions/no_such_element.html
Build info: version: '2.45.0', revision: '5017cb8e7ca8e37638dc3091b2440b90a1d8686f', time: '2015-02-27 09:10:26'
System info: host: 'QA19', ip: '192.168.0.184', os.name: 'Windows 7', os.arch: 'amd64', os.version: '6.1', java.version: '1.6.0_20'
*** Element info: {Using=xpath, value=//input[@wicketpath='SearchContent_ThirdInformation_showDetailSearchTable_proof_TableForm_associateButton']}
Session ID: d73a0cbf9691602ace51659f47d77e3c
Driver info: org.openqa.selenium.chrome.ChromeDriver
Capabilities [{platform=XP, acceptSslCerts=true, javascriptEnabled=true, browserName=chrome, chrome={userDataDir=C:\Users\agil\AppData\Local\Temp\scoped_dir10872_21912}, rotatable=false, locationContextEnabled=true, version=51.0.2704.103, takesHeapSnapshot=true, cssSelectorsEnabled=true, databaseEnabled=false, handlesAlerts=true, browserConnectionEnabled=false, webStorageEnabled=true, nativeEvents=true, applicationCacheEnabled=false, takesScreenshot=true}]
INFO main main.controller.TercerosRoles - Test Case 18 - Terceros Linea de Credito Garantia - org.openqa.selenium.NoSuchElementException: Cannot locate option with value: 38942817
For documentation on this error, please visit: http://seleniumhq.org/exceptions/no_such_element.html
Build info: version: '2.45.0', revision: '5017cb8e7ca8e37638dc3091b2440b90a1d8686f', time: '2015-02-27 09:10:26'
System info: host: 'QA19', ip: '192.168.0.184', os.name: 'Windows 7', os.arch: 'amd64', os.version: '6.1', java.version: '1.6.0_20'
Driver info: driver.version: unknown
INFO main main.controller.TercerosRoles - Test Case 18 - Terceros Linea de Credito Garantia - org.openqa.selenium.NoSuchElementException: Cannot locate option with value: 38942817
For documentation on this error, please visit: http://seleniumhq.org/exceptions/no_such_element.html
Build info: version: '2.45.0', revision: '5017cb8e7ca8e37638dc3091b2440b90a1d8686f', time: '2015-02-27 09:10:26'
System info: host: 'QA19', ip: '192.168.0.184', os.name: 'Windows 7', os.arch: 'amd64', os.version: '6.1', java.version: '1.6.0_20'
Driver info: driver.version: unknown
INFO main tests.VistaTercerosUpdateRolesTest - Test Case - Terceros Informacion Financiera - org.openqa.selenium.WebDriverException: unknown error: cannot get automation extension
from chrome not reachable
  (Session info: chrome=51.0.2704.103)
  (Driver info: chromedriver=2.9.248315,platform=Windows NT 6.1 SP1 x86_64) (WARNING: The server did not provide any stacktrace information)
Command duration or timeout: 1.05 seconds
Build info: version: '2.45.0', revision: '5017cb8e7ca8e37638dc3091b2440b90a1d8686f', time: '2015-02-27 09:10:26'
System info: host: 'QA19', ip: '192.168.0.184', os.name: 'Windows 7', os.arch: 'amd64', os.version: '6.1', java.version: '1.6.0_20'
Session ID: 997aa84365c375d23cdcac68c0614b8b
Driver info: org.openqa.selenium.chrome.ChromeDriver
Capabilities [{platform=XP, acceptSslCerts=true, javascriptEnabled=true, browserName=chrome, chrome={userDataDir=C:\Users\agil\AppData\Local\Temp\scoped_dir35668_24845}, rotatable=false, locationContextEnabled=true, version=51.0.2704.103, takesHeapSnapshot=true, cssSelectorsEnabled=true, databaseEnabled=false, handlesAlerts=true, browserConnectionEnabled=false, webStorageEnabled=true, nativeEvents=true, applicationCacheEnabled=false, takesScreenshot=true}]
INFO main main.controller.TercerosUpdateRoles - Test Case 24 - Terceros Update Roles - org.openqa.selenium.NoSuchElementException: no such element
  (Session info: chrome=51.0.2704.103)
  (Driver info: chromedriver=2.9.248315,platform=Windows NT 6.1 SP1 x86_64) (WARNING: The server did not provide any stacktrace information)
Command duration or timeout: 18 milliseconds
For documentation on this error, please visit: http://seleniumhq.org/exceptions/no_such_element.html
Build info: version: '2.45.0', revision: '5017cb8e7ca8e37638dc3091b2440b90a1d8686f', time: '2015-02-27 09:10:26'
System info: host: 'QA19', ip: '192.168.0.184', os.name: 'Windows 7', os.arch: 'amd64', os.version: '6.1', java.version: '1.6.0_20'
*** Element info: {Using=xpath, value=//input[@wicketpath='ThirdInformationContent_thirdInformation_panelRol_container_ThirdRol_3_insurance']}
Session ID: 9cff3c894b6f36021f6b8d71576b7347
Driver info: org.openqa.selenium.chrome.ChromeDriver
Capabilities [{platform=XP, acceptSslCerts=true, javascriptEnabled=true, browserName=chrome, chrome={userDataDir=C:\Users\agil\AppData\Local\Temp\scoped_dir42540_22556}, rotatable=false, locationContextEnabled=true, version=51.0.2704.103, takesHeapSnapshot=true, cssSelectorsEnabled=true, databaseEnabled=false, handlesAlerts=true, browserConnectionEnabled=false, webStorageEnabled=true, nativeEvents=true, applicationCacheEnabled=false, takesScreenshot=true}]
INFO main main.controller.TercerosUpdateRoles - Test Case 24 - Terceros Update Roles - org.openqa.selenium.NoSuchElementException: no such element
  (Session info: chrome=51.0.2704.103)
  (Driver info: chromedriver=2.9.248315,platform=Windows NT 6.1 SP1 x86_64) (WARNING: The server did not provide any stacktrace information)
Command duration or timeout: 18 milliseconds
For documentation on this error, please visit: http://seleniumhq.org/exceptions/no_such_element.html
Build info: version: '2.45.0', revision: '5017cb8e7ca8e37638dc3091b2440b90a1d8686f', time: '2015-02-27 09:10:26'
System info: host: 'QA19', ip: '192.168.0.184', os.name: 'Windows 7', os.arch: 'amd64', os.version: '6.1', java.version: '1.6.0_20'
*** Element info: {Using=xpath, value=//select[@wicketpath='ThirdInformationContent_thirdInformation_panelRol_templateContainer_rolTempForm_templateBasicThird_tabPanel_repeaterTab_1_SubTabsInformation_repeater_1_fila_repeaterSelect_1_field']}
Session ID: 9cff3c894b6f36021f6b8d71576b7347
Driver info: org.openqa.selenium.chrome.ChromeDriver
Capabilities [{platform=XP, acceptSslCerts=true, javascriptEnabled=true, browserName=chrome, chrome={userDataDir=C:\Users\agil\AppData\Local\Temp\scoped_dir42540_22556}, rotatable=false, locationContextEnabled=true, version=51.0.2704.103, takesHeapSnapshot=true, cssSelectorsEnabled=true, databaseEnabled=false, handlesAlerts=true, browserConnectionEnabled=false, webStorageEnabled=true, nativeEvents=true, applicationCacheEnabled=false, takesScreenshot=true}]
INFO main tests.VistaTercerosUpdateRolesTest - Test Case - Terceros Informacion Financiera - org.openqa.selenium.NoSuchElementException: no such element
  (Session info: chrome=51.0.2704.103)
  (Driver info: chromedriver=2.9.248315,platform=Windows NT 6.1 SP1 x86_64) (WARNING: The server did not provide any stacktrace information)
Command duration or timeout: 18 milliseconds
For documentation on this error, please visit: http://seleniumhq.org/exceptions/no_such_element.html
Build info: version: '2.45.0', revision: '5017cb8e7ca8e37638dc3091b2440b90a1d8686f', time: '2015-02-27 09:10:26'
System info: host: 'QA19', ip: '192.168.0.184', os.name: 'Windows 7', os.arch: 'amd64', os.version: '6.1', java.version: '1.6.0_20'
*** Element info: {Using=xpath, value=//div[3]/div/div/div[3]/div/input}
Session ID: 9cff3c894b6f36021f6b8d71576b7347
Driver info: org.openqa.selenium.chrome.ChromeDriver
Capabilities [{platform=XP, acceptSslCerts=true, javascriptEnabled=true, browserName=chrome, chrome={userDataDir=C:\Users\agil\AppData\Local\Temp\scoped_dir42540_22556}, rotatable=false, locationContextEnabled=true, version=51.0.2704.103, takesHeapSnapshot=true, cssSelectorsEnabled=true, databaseEnabled=false, handlesAlerts=true, browserConnectionEnabled=false, webStorageEnabled=true, nativeEvents=true, applicationCacheEnabled=false, takesScreenshot=true}]
INFO main tests.VistaTercerosUpdateRolesTest - Test Case - Terceros Informacion Financiera - org.openqa.selenium.NoSuchElementException: no such element
  (Session info: chrome=51.0.2704.103)
  (Driver info: chromedriver=2.9.248315,platform=Windows NT 6.1 SP1 x86_64) (WARNING: The server did not provide any stacktrace information)
Command duration or timeout: 23 milliseconds
For documentation on this error, please visit: http://seleniumhq.org/exceptions/no_such_element.html
Build info: version: '2.45.0', revision: '5017cb8e7ca8e37638dc3091b2440b90a1d8686f', time: '2015-02-27 09:10:26'
System info: host: 'QA19', ip: '192.168.0.184', os.name: 'Windows 7', os.arch: 'amd64', os.version: '6.1', java.version: '1.6.0_20'
*** Element info: {Using=class name, value=CeldaEncabezado}
Session ID: 25a7db3993b54642677ac743ef707b6f
Driver info: org.openqa.selenium.chrome.ChromeDriver
Capabilities [{platform=XP, acceptSslCerts=true, javascriptEnabled=true, browserName=chrome, chrome={userDataDir=C:\Users\agil\AppData\Local\Temp\scoped_dir35240_22260}, rotatable=false, locationContextEnabled=true, version=51.0.2704.103, takesHeapSnapshot=true, cssSelectorsEnabled=true, databaseEnabled=false, handlesAlerts=true, browserConnectionEnabled=false, webStorageEnabled=true, nativeEvents=true, applicationCacheEnabled=false, takesScreenshot=true}]
INFO main main.controller.TercerosUpdateRoles - Test Case 24 - Terceros Update Roles - org.openqa.selenium.NoSuchElementException: no such element
  (Session info: chrome=51.0.2704.103)
  (Driver info: chromedriver=2.9.248315,platform=Windows NT 6.1 SP1 x86_64) (WARNING: The server did not provide any stacktrace information)
Command duration or timeout: 18 milliseconds
For documentation on this error, please visit: http://seleniumhq.org/exceptions/no_such_element.html
Build info: version: '2.45.0', revision: '5017cb8e7ca8e37638dc3091b2440b90a1d8686f', time: '2015-02-27 09:10:26'
System info: host: 'QA19', ip: '192.168.0.184', os.name: 'Windows 7', os.arch: 'amd64', os.version: '6.1', java.version: '1.6.0_20'
*** Element info: {Using=xpath, value=//input[@wicketpath='ThirdInformationContent_thirdInformation_panelRol_container_ThirdRol_3_insurance']}
Session ID: 00b3033314cb13814488cbe7148548bc
Driver info: org.openqa.selenium.chrome.ChromeDriver
Capabilities [{platform=XP, acceptSslCerts=true, javascriptEnabled=true, browserName=chrome, chrome={userDataDir=C:\Users\agil\AppData\Local\Temp\scoped_dir43880_19129}, rotatable=false, locationContextEnabled=true, version=51.0.2704.103, takesHeapSnapshot=true, cssSelectorsEnabled=true, databaseEnabled=false, handlesAlerts=true, browserConnectionEnabled=false, webStorageEnabled=true, nativeEvents=true, applicationCacheEnabled=false, takesScreenshot=true}]
INFO main main.controller.TercerosUpdateRoles - Test Case 24 - Terceros Update Roles - org.openqa.selenium.NoSuchElementException: no such element
  (Session info: chrome=51.0.2704.103)
  (Driver info: chromedriver=2.9.248315,platform=Windows NT 6.1 SP1 x86_64) (WARNING: The server did not provide any stacktrace information)
Command duration or timeout: 17 milliseconds
For documentation on this error, please visit: http://seleniumhq.org/exceptions/no_such_element.html
Build info: version: '2.45.0', revision: '5017cb8e7ca8e37638dc3091b2440b90a1d8686f', time: '2015-02-27 09:10:26'
System info: host: 'QA19', ip: '192.168.0.184', os.name: 'Windows 7', os.arch: 'amd64', os.version: '6.1', java.version: '1.6.0_20'
*** Element info: {Using=xpath, value=//select[@wicketpath='ThirdInformationContent_thirdInformation_panelRol_templateContainer_rolTempForm_templateBasicThird_tabPanel_repeaterTab_1_SubTabsInformation_repeater_1_fila_repeaterSelect_1_field']}
Session ID: 00b3033314cb13814488cbe7148548bc
Driver info: org.openqa.selenium.chrome.ChromeDriver
Capabilities [{platform=XP, acceptSslCerts=true, javascriptEnabled=true, browserName=chrome, chrome={userDataDir=C:\Users\agil\AppData\Local\Temp\scoped_dir43880_19129}, rotatable=false, locationContextEnabled=true, version=51.0.2704.103, takesHeapSnapshot=true, cssSelectorsEnabled=true, databaseEnabled=false, handlesAlerts=true, browserConnectionEnabled=false, webStorageEnabled=true, nativeEvents=true, applicationCacheEnabled=false, takesScreenshot=true}]
INFO main tests.VistaTercerosUpdateRolesTest - Test Case - Terceros Informacion Financiera - org.openqa.selenium.NoSuchElementException: no such element
  (Session info: chrome=51.0.2704.103)
  (Driver info: chromedriver=2.9.248315,platform=Windows NT 6.1 SP1 x86_64) (WARNING: The server did not provide any stacktrace information)
Command duration or timeout: 18 milliseconds
For documentation on this error, please visit: http://seleniumhq.org/exceptions/no_such_element.html
Build info: version: '2.45.0', revision: '5017cb8e7ca8e37638dc3091b2440b90a1d8686f', time: '2015-02-27 09:10:26'
System info: host: 'QA19', ip: '192.168.0.184', os.name: 'Windows 7', os.arch: 'amd64', os.version: '6.1', java.version: '1.6.0_20'
*** Element info: {Using=xpath, value=//div[3]/div/div/div[3]/div/input}
Session ID: 00b3033314cb13814488cbe7148548bc
Driver info: org.openqa.selenium.chrome.ChromeDriver
Capabilities [{platform=XP, acceptSslCerts=true, javascriptEnabled=true, browserName=chrome, chrome={userDataDir=C:\Users\agil\AppData\Local\Temp\scoped_dir43880_19129}, rotatable=false, locationContextEnabled=true, version=51.0.2704.103, takesHeapSnapshot=true, cssSelectorsEnabled=true, databaseEnabled=false, handlesAlerts=true, browserConnectionEnabled=false, webStorageEnabled=true, nativeEvents=true, applicationCacheEnabled=false, takesScreenshot=true}]
INFO main tests.VistaTercerosUpdateRolesTest - Test Case - Terceros Informacion Financiera - java.lang.IllegalStateException: The driver executable does not exist: C:\chromedriver\chromedriver.exe
INFO main tests.VistaTercerosUpdateRolesTest - Test Case - Terceros Informacion Financiera - org.openqa.selenium.NoSuchElementException: no such element
  (Session info: chrome=51.0.2704.103)
  (Driver info: chromedriver=2.9.248315,platform=Windows NT 6.1 SP1 x86_64) (WARNING: The server did not provide any stacktrace information)
Command duration or timeout: 39 milliseconds
For documentation on this error, please visit: http://seleniumhq.org/exceptions/no_such_element.html
Build info: version: '2.45.0', revision: '5017cb8e7ca8e37638dc3091b2440b90a1d8686f', time: '2015-02-27 09:10:26'
System info: host: 'QA32', ip: '192.168.0.200', os.name: 'Windows 7', os.arch: 'amd64', os.version: '6.1', java.version: '1.8.0_25'
Driver info: org.openqa.selenium.chrome.ChromeDriver
Capabilities [{applicationCacheEnabled=false, rotatable=false, chrome={userDataDir=C:\Users\mchurion\AppData\Local\Temp\scoped_dir6596_27524}, takesHeapSnapshot=true, databaseEnabled=false, handlesAlerts=true, version=51.0.2704.103, platform=XP, browserConnectionEnabled=false, nativeEvents=true, acceptSslCerts=true, locationContextEnabled=true, webStorageEnabled=true, browserName=chrome, takesScreenshot=true, javascriptEnabled=true, cssSelectorsEnabled=true}]
Session ID: daaa9cd46c9a21671b5303e1755dfc0f
*** Element info: {Using=name, value=SecurityLogin}
INFO main main.controller.TercerosUpdateRoles - Test Case 24 - Terceros Update Roles - org.openqa.selenium.NoSuchElementException: no such element
  (Session info: chrome=51.0.2704.103)
  (Driver info: chromedriver=2.9.248315,platform=Windows NT 6.1 SP1 x86_64) (WARNING: The server did not provide any stacktrace information)
Command duration or timeout: 39 milliseconds
For documentation on this error, please visit: http://seleniumhq.org/exceptions/no_such_element.html
Build info: version: '2.45.0', revision: '5017cb8e7ca8e37638dc3091b2440b90a1d8686f', time: '2015-02-27 09:10:26'
System info: host: 'QA32', ip: '192.168.0.200', os.name: 'Windows 7', os.arch: 'amd64', os.version: '6.1', java.version: '1.8.0_25'
Driver info: org.openqa.selenium.chrome.ChromeDriver
Capabilities [{applicationCacheEnabled=false, rotatable=false, chrome={userDataDir=C:\Users\mchurion\AppData\Local\Temp\scoped_dir7936_13728}, takesHeapSnapshot=true, databaseEnabled=false, handlesAlerts=true, version=51.0.2704.103, platform=XP, browserConnectionEnabled=false, nativeEvents=true, acceptSslCerts=true, locationContextEnabled=true, webStorageEnabled=true, browserName=chrome, takesScreenshot=true, javascriptEnabled=true, cssSelectorsEnabled=true}]
Session ID: 60d2b2457f91ed81293ec154efc740dd
*** Element info: {Using=xpath, value=//input[@wicketpath='ThirdInformationContent_thirdInformation_panelRol_container_ThirdRol_3_insurance']}
INFO main main.controller.TercerosUpdateRoles - Test Case 24 - Terceros Update Roles - org.openqa.selenium.NoSuchElementException: no such element
  (Session info: chrome=51.0.2704.103)
  (Driver info: chromedriver=2.9.248315,platform=Windows NT 6.1 SP1 x86_64) (WARNING: The server did not provide any stacktrace information)
Command duration or timeout: 15 milliseconds
For documentation on this error, please visit: http://seleniumhq.org/exceptions/no_such_element.html
Build info: version: '2.45.0', revision: '5017cb8e7ca8e37638dc3091b2440b90a1d8686f', time: '2015-02-27 09:10:26'
System info: host: 'QA32', ip: '192.168.0.200', os.name: 'Windows 7', os.arch: 'amd64', os.version: '6.1', java.version: '1.8.0_25'
Driver info: org.openqa.selenium.chrome.ChromeDriver
Capabilities [{applicationCacheEnabled=false, rotatable=false, chrome={userDataDir=C:\Users\mchurion\AppData\Local\Temp\scoped_dir7936_13728}, takesHeapSnapshot=true, databaseEnabled=false, handlesAlerts=true, version=51.0.2704.103, platform=XP, browserConnectionEnabled=false, nativeEvents=true, acceptSslCerts=true, locationContextEnabled=true, webStorageEnabled=true, browserName=chrome, takesScreenshot=true, javascriptEnabled=true, cssSelectorsEnabled=true}]
Session ID: 60d2b2457f91ed81293ec154efc740dd
*** Element info: {Using=xpath, value=//select[@wicketpath='ThirdInformationContent_thirdInformation_panelRol_templateContainer_rolTempForm_templateBasicThird_tabPanel_repeaterTab_1_SubTabsInformation_repeater_1_fila_repeaterSelect_1_field']}
INFO main tests.VistaTercerosUpdateRolesTest - Test Case - Terceros Informacion Financiera - org.openqa.selenium.NoSuchElementException: no such element
  (Session info: chrome=51.0.2704.103)
  (Driver info: chromedriver=2.9.248315,platform=Windows NT 6.1 SP1 x86_64) (WARNING: The server did not provide any stacktrace information)
Command duration or timeout: 266 milliseconds
For documentation on this error, please visit: http://seleniumhq.org/exceptions/no_such_element.html
Build info: version: '2.45.0', revision: '5017cb8e7ca8e37638dc3091b2440b90a1d8686f', time: '2015-02-27 09:10:26'
System info: host: 'QA32', ip: '192.168.0.200', os.name: 'Windows 7', os.arch: 'amd64', os.version: '6.1', java.version: '1.8.0_25'
Driver info: org.openqa.selenium.chrome.ChromeDriver
Capabilities [{applicationCacheEnabled=false, rotatable=false, chrome={userDataDir=C:\Users\mchurion\AppData\Local\Temp\scoped_dir7936_13728}, takesHeapSnapshot=true, databaseEnabled=false, handlesAlerts=true, version=51.0.2704.103, platform=XP, browserConnectionEnabled=false, nativeEvents=true, acceptSslCerts=true, locationContextEnabled=true, webStorageEnabled=true, browserName=chrome, takesScreenshot=true, javascriptEnabled=true, cssSelectorsEnabled=true}]
Session ID: 60d2b2457f91ed81293ec154efc740dd
*** Element info: {Using=xpath, value=//div[3]/div/div/div[3]/div/input}
INFO main main.controller.BeneficiarioJuridicoATerceroNatural - Test Case ?? - Beneficiario Juridico A Terceros Natural - org.openqa.selenium.NoSuchElementException: no such element
  (Session info: chrome=51.0.2704.103)
  (Driver info: chromedriver=2.9.248315,platform=Windows NT 6.1 SP1 x86_64) (WARNING: The server did not provide any stacktrace information)
Command duration or timeout: 14 milliseconds
For documentation on this error, please visit: http://seleniumhq.org/exceptions/no_such_element.html
Build info: version: '2.45.0', revision: '5017cb8e7ca8e37638dc3091b2440b90a1d8686f', time: '2015-02-27 09:10:26'
System info: host: 'QA32', ip: '192.168.0.200', os.name: 'Windows 7', os.arch: 'amd64', os.version: '6.1', java.version: '1.8.0_25'
Driver info: org.openqa.selenium.chrome.ChromeDriver
Capabilities [{applicationCacheEnabled=false, rotatable=false, chrome={userDataDir=C:\Users\mchurion\AppData\Local\Temp\scoped_dir10576_30571}, takesHeapSnapshot=true, databaseEnabled=false, handlesAlerts=true, version=51.0.2704.103, platform=XP, browserConnectionEnabled=false, nativeEvents=true, acceptSslCerts=true, locationContextEnabled=true, webStorageEnabled=true, browserName=chrome, takesScreenshot=true, javascriptEnabled=true, cssSelectorsEnabled=true}]
Session ID: 4c104a01728ade27a948950786773d30
*** Element info: {Using=xpath, value=//input[@wicketpath='SearchContent_ThirdInformation_showDetailSearchTable_proof_ThirdPartyRadioGroup_resultsTable_1_thirdPartyRadio']}
INFO main tests.VistaBeneficiarioJuridicoATerceroNaturalTest - Test Case - Beneficiario Juridico A Natural - org.openqa.selenium.NoSuchElementException: no such element
  (Session info: chrome=51.0.2704.103)
  (Driver info: chromedriver=2.9.248315,platform=Windows NT 6.1 SP1 x86_64) (WARNING: The server did not provide any stacktrace information)
Command duration or timeout: 21 milliseconds
For documentation on this error, please visit: http://seleniumhq.org/exceptions/no_such_element.html
Build info: version: '2.45.0', revision: '5017cb8e7ca8e37638dc3091b2440b90a1d8686f', time: '2015-02-27 09:10:26'
System info: host: 'QA32', ip: '192.168.0.200', os.name: 'Windows 7', os.arch: 'amd64', os.version: '6.1', java.version: '1.8.0_25'
Driver info: org.openqa.selenium.chrome.ChromeDriver
Capabilities [{applicationCacheEnabled=false, rotatable=false, chrome={userDataDir=C:\Users\mchurion\AppData\Local\Temp\scoped_dir10576_30571}, takesHeapSnapshot=true, databaseEnabled=false, handlesAlerts=true, version=51.0.2704.103, platform=XP, browserConnectionEnabled=false, nativeEvents=true, acceptSslCerts=true, locationContextEnabled=true, webStorageEnabled=true, browserName=chrome, takesScreenshot=true, javascriptEnabled=true, cssSelectorsEnabled=true}]
Session ID: 4c104a01728ade27a948950786773d30
*** Element info: {Using=xpath, value=//input[@wicketpath='SearchContent_ThirdInformation_showDetailSearchTable_proof_TableForm_associateButton']}
