INFO main AcseleV13_8LBC.principal.Ejecutar - Arrancando el main
ERROR main AcseleV13_8LBC.principal.Ejecutar - Arrancando el main
INFO main AcseleV13_8LBC.main.controller.LBC_CreacionCaja - Test Case - LBC Creacion de Caja - org.openqa.selenium.NoSuchWindowException: no such window: target window already closed
from unknown error: web view not found
  (Session info: chrome=54.0.2840.71)
  (Driver info: chromedriver=2.24.417431 (9aea000394714d2fbb20850021f6204f2256b9cf),platform=Windows NT 6.1.7601 SP1 x86_64) (WARNING: The server did not provide any stacktrace information)
Command duration or timeout: 4 milliseconds
Build info: version: 'unknown', revision: 'unknown', time: 'unknown'
System info: host: 'QA19', ip: '192.168.0.184', os.name: 'Windows 7', os.arch: 'x86', os.version: '6.1', java.version: '1.8.0_60'
Driver info: org.openqa.selenium.chrome.ChromeDriver
Capabilities [{applicationCacheEnabled=false, rotatable=false, mobileEmulationEnabled=false, networkConnectionEnabled=false, chrome={chromedriverVersion=2.24.417431 (9aea000394714d2fbb20850021f6204f2256b9cf), userDataDir=C:\Users\agil\AppData\Local\Temp\scoped_dir7480_5186}, takesHeapSnapshot=true, pageLoadStrategy=normal, databaseEnabled=false, handlesAlerts=true, hasTouchScreen=false, version=54.0.2840.71, platform=XP, browserConnectionEnabled=false, nativeEvents=true, acceptSslCerts=true, locationContextEnabled=true, webStorageEnabled=true, browserName=chrome, takesScreenshot=true, javascriptEnabled=true, cssSelectorsEnabled=true}]
Session ID: 3d5edd24c215d04c473062d491598098
INFO main AcseleV13_8LBC.main.controller.LBC_Menu.LBC_MenuMantenimiento - Test Case - LBC Creacion de Caja - org.openqa.selenium.NoSuchWindowException: no such window: target window already closed
from unknown error: web view not found
  (Session info: chrome=54.0.2840.71)
  (Driver info: chromedriver=2.24.417431 (9aea000394714d2fbb20850021f6204f2256b9cf),platform=Windows NT 6.1.7601 SP1 x86_64) (WARNING: The server did not provide any stacktrace information)
Command duration or timeout: 5 milliseconds
Build info: version: 'unknown', revision: 'unknown', time: 'unknown'
System info: host: 'QA19', ip: '192.168.0.184', os.name: 'Windows 7', os.arch: 'x86', os.version: '6.1', java.version: '1.8.0_60'
Driver info: org.openqa.selenium.chrome.ChromeDriver
Capabilities [{applicationCacheEnabled=false, rotatable=false, mobileEmulationEnabled=false, networkConnectionEnabled=false, chrome={chromedriverVersion=2.24.417431 (9aea000394714d2fbb20850021f6204f2256b9cf), userDataDir=C:\Users\agil\AppData\Local\Temp\scoped_dir7368_8398}, takesHeapSnapshot=true, pageLoadStrategy=normal, databaseEnabled=false, handlesAlerts=true, hasTouchScreen=false, version=54.0.2840.71, platform=XP, browserConnectionEnabled=false, nativeEvents=true, acceptSslCerts=true, locationContextEnabled=true, webStorageEnabled=true, browserName=chrome, takesScreenshot=true, javascriptEnabled=true, cssSelectorsEnabled=true}]
Session ID: 8fa08958496a07f68678816a592bbe97
*** Element info: {Using=xpath, value=/html/body/div[3]/div[4]}
INFO main AcseleV13_8LBC.main.controller.LBC_CreacionCaja - Test Case - LBC Creacion de Caja - org.openqa.selenium.WebDriverException: chrome not reachable
  (Session info: chrome=54.0.2840.71)
  (Driver info: chromedriver=2.24.417431 (9aea000394714d2fbb20850021f6204f2256b9cf),platform=Windows NT 6.1.7601 SP1 x86_64) (WARNING: The server did not provide any stacktrace information)
Command duration or timeout: 2.01 seconds
Build info: version: 'unknown', revision: 'unknown', time: 'unknown'
System info: host: 'QA19', ip: '192.168.0.184', os.name: 'Windows 7', os.arch: 'x86', os.version: '6.1', java.version: '1.8.0_60'
Driver info: org.openqa.selenium.chrome.ChromeDriver
Capabilities [{applicationCacheEnabled=false, rotatable=false, mobileEmulationEnabled=false, networkConnectionEnabled=false, chrome={chromedriverVersion=2.24.417431 (9aea000394714d2fbb20850021f6204f2256b9cf), userDataDir=C:\Users\agil\AppData\Local\Temp\scoped_dir7368_8398}, takesHeapSnapshot=true, pageLoadStrategy=normal, databaseEnabled=false, handlesAlerts=true, hasTouchScreen=false, version=54.0.2840.71, platform=XP, browserConnectionEnabled=false, nativeEvents=true, acceptSslCerts=true, locationContextEnabled=true, webStorageEnabled=true, browserName=chrome, takesScreenshot=true, javascriptEnabled=true, cssSelectorsEnabled=true}]
Session ID: 8fa08958496a07f68678816a592bbe97
INFO main AcseleV13_8LBC.principal.Ejecutar - Arrancando el main
ERROR main AcseleV13_8LBC.principal.Ejecutar - Arrancando el main
INFO main AcseleV13_8LBC.principal.Ejecutar - Arrancando el main
ERROR main AcseleV13_8LBC.principal.Ejecutar - Arrancando el main
INFO main AcseleV13_8LBC.principal.Ejecutar - Arrancando el main
ERROR main AcseleV13_8LBC.principal.Ejecutar - Arrancando el main
INFO main AcseleV13_8LBC.principal.Ejecutar - Arrancando el main
ERROR main AcseleV13_8LBC.principal.Ejecutar - Arrancando el main
INFO main AcseleV13_8LBC.main.controller.LBC_CreacionCaja - Test Case - LBC Creacion de Caja - org.openqa.selenium.NoSuchElementException: Cannot locate element with text: La Boliviana Ciacruz (LBC)
For documentation on this error, please visit: http://seleniumhq.org/exceptions/no_such_element.html
Build info: version: 'unknown', revision: 'unknown', time: 'unknown'
System info: host: 'QA19-LINUX-VIRTUAL', ip: '192.168.0.95', os.name: 'Linux', os.arch: 'amd64', os.version: '3.16.0-4-amd64', java.version: '1.7.0_101'
Driver info: driver.version: unknown
INFO main AcseleV13_8LBC.main.controller.LBC_CreacionCaja - Test Case - LBC Creacion de Caja - org.openqa.selenium.NoSuchElementException: Cannot locate element with text: La Boliviana Ciacruz (LBC)
For documentation on this error, please visit: http://seleniumhq.org/exceptions/no_such_element.html
Build info: version: 'unknown', revision: 'unknown', time: 'unknown'
System info: host: 'QA19-LINUX-VIRTUAL', ip: '192.168.0.95', os.name: 'Linux', os.arch: 'amd64', os.version: '3.16.0-4-amd64', java.version: '1.7.0_101'
Driver info: driver.version: unknown
INFO main AcseleV13_8LBC.principal.Ejecutar - Arrancando el main
ERROR main AcseleV13_8LBC.principal.Ejecutar - Arrancando el main
INFO main AcseleV13_8LBC.main.controller.LBC_CreacionCaja - Test Case - LBC Creacion de Caja - org.openqa.selenium.NoSuchElementException: Cannot locate element with text: La Boliviana Ciacruz (LBC)
For documentation on this error, please visit: http://seleniumhq.org/exceptions/no_such_element.html
Build info: version: 'unknown', revision: 'unknown', time: 'unknown'
System info: host: 'QA19-LINUX-VIRTUAL', ip: '192.168.0.95', os.name: 'Linux', os.arch: 'amd64', os.version: '3.16.0-4-amd64', java.version: '1.7.0_101'
Driver info: driver.version: unknown
INFO main AcseleV13_8LBC.main.controller.LBC_CreacionCaja - Test Case - LBC Creacion de Caja - org.openqa.selenium.NoSuchElementException: Cannot locate element with text: La Boliviana Ciacruz (LBC)
For documentation on this error, please visit: http://seleniumhq.org/exceptions/no_such_element.html
Build info: version: 'unknown', revision: 'unknown', time: 'unknown'
System info: host: 'QA19-LINUX-VIRTUAL', ip: '192.168.0.95', os.name: 'Linux', os.arch: 'amd64', os.version: '3.16.0-4-amd64', java.version: '1.7.0_101'
Driver info: driver.version: unknown
